# JRE version: OpenJDK Runtime Environment (8.0_242-b01) (build 1.8.0_242-release-1644-b01)
# Java VM: OpenJDK 64-Bit Server VM (25.242-b01 mixed mode windows-amd64 compressed oops)
Heap:
 PSYoungGen      total 260096K, used 170681K [0x00000000d5580000, 0x00000000e9980000, 0x0000000100000000)
  eden space 240640K, 70% used [0x00000000d5580000,0x00000000dfc2e6c8,0x00000000e4080000)
  from space 19456K, 0% used [0x00000000e5480000,0x00000000e5480000,0x00000000e6780000)
  to   space 20480K, 0% used [0x00000000e4080000,0x00000000e4080000,0x00000000e5480000)
 ParOldGen       total 190464K, used 35814K [0x0000000080000000, 0x000000008ba00000, 0x00000000d5580000)
  object space 190464K, 18% used [0x0000000080000000,0x00000000822f9a28,0x000000008ba00000)
 Metaspace       used 65037K, capacity 67920K, committed 68056K, reserved 1107968K
  class space    used 8880K, capacity 9466K, committed 9472K, reserved 1048576K
GC Heap History (10 events):
Event: 6.954 GC heap before
{Heap before GC invocations=9 (full 2):
 PSYoungGen      total 132096K, used 9343K [0x00000000d5580000, 0x00000000e4500000, 0x0000000100000000)
  eden space 118784K, 0% used [0x00000000d5580000,0x00000000d5580000,0x00000000dc980000)
  from space 13312K, 70% used [0x00000000dc980000,0x00000000dd29ff60,0x00000000dd680000)
  to   space 13312K, 0% used [0x00000000e3800000,0x00000000e3800000,0x00000000e4500000)
 ParOldGen       total 82944K, used 7088K [0x0000000080000000, 0x0000000085100000, 0x00000000d5580000)
  object space 82944K, 8% used [0x0000000080000000,0x00000000806ec260,0x0000000085100000)
 Metaspace       used 34000K, capacity 35282K, committed 35416K, reserved 1079296K
  class space    used 4607K, capacity 4912K, committed 4992K, reserved 1048576K
Event: 6.990 GC heap after
Heap after GC invocations=9 (full 2):
 PSYoungGen      total 132096K, used 0K [0x00000000d5580000, 0x00000000e4500000, 0x0000000100000000)
  eden space 118784K, 0% used [0x00000000d5580000,0x00000000d5580000,0x00000000dc980000)
  from space 13312K, 0% used [0x00000000dc980000,0x00000000dc980000,0x00000000dd680000)
  to   space 13312K, 0% used [0x00000000e3800000,0x00000000e3800000,0x00000000e4500000)
 ParOldGen       total 124416K, used 15811K [0x0000000080000000, 0x0000000087980000, 0x00000000d5580000)
  object space 124416K, 12% used [0x0000000080000000,0x0000000080f70c00,0x0000000087980000)
 Metaspace       used 34000K, capacity 35282K, committed 35416K, reserved 1079296K
  class space    used 4607K, capacity 4912K, committed 4992K, reserved 1048576K
}
Event: 7.881 GC heap before
{Heap before GC invocations=10 (full 2):
 PSYoungGen      total 132096K, used 118784K [0x00000000d5580000, 0x00000000e4500000, 0x0000000100000000)
  eden space 118784K, 100% used [0x00000000d5580000,0x00000000dc980000,0x00000000dc980000)
  from space 13312K, 0% used [0x00000000dc980000,0x00000000dc980000,0x00000000dd680000)
  to   space 13312K, 0% used [0x00000000e3800000,0x00000000e3800000,0x00000000e4500000)
 ParOldGen       total 124416K, used 15811K [0x0000000080000000, 0x0000000087980000, 0x00000000d5580000)
  object space 124416K, 12% used [0x0000000080000000,0x0000000080f70c00,0x0000000087980000)
 Metaspace       used 38700K, capacity 40484K, committed 40792K, reserved 1085440K
  class space    used 5314K, capacity 5665K, committed 5760K, reserved 1048576K
Event: 7.891 GC heap after
Heap after GC invocations=10 (full 2):
 PSYoungGen      total 192512K, used 9647K [0x00000000d5580000, 0x00000000e4180000, 0x0000000100000000)
  eden space 182784K, 0% used [0x00000000d5580000,0x00000000d5580000,0x00000000e0800000)
  from space 9728K, 99% used [0x00000000e3800000,0x00000000e416bce0,0x00000000e4180000)
  to   space 13312K, 0% used [0x00000000e2780000,0x00000000e2780000,0x00000000e3480000)
 ParOldGen       total 124416K, used 15819K [0x0000000080000000, 0x0000000087980000, 0x00000000d5580000)
  object space 124416K, 12% used [0x0000000080000000,0x0000000080f72c00,0x0000000087980000)
 Metaspace       used 38700K, capacity 40484K, committed 40792K, reserved 1085440K
  class space    used 5314K, capacity 5665K, committed 5760K, reserved 1048576K
}
Event: 9.412 GC heap before
{Heap before GC invocations=11 (full 2):
 PSYoungGen      total 192512K, used 192431K [0x00000000d5580000, 0x00000000e4180000, 0x0000000100000000)
  eden space 182784K, 100% used [0x00000000d5580000,0x00000000e0800000,0x00000000e0800000)
  from space 9728K, 99% used [0x00000000e3800000,0x00000000e416bce0,0x00000000e4180000)
  to   space 13312K, 0% used [0x00000000e2780000,0x00000000e2780000,0x00000000e3480000)
 ParOldGen       total 124416K, used 15819K [0x0000000080000000, 0x0000000087980000, 0x00000000d5580000)
  object space 124416K, 12% used [0x0000000080000000,0x0000000080f72c00,0x0000000087980000)
 Metaspace       used 53840K, capacity 56060K, committed 56280K, reserved 1097728K
  class space    used 7153K, capacity 7602K, committed 7680K, reserved 1048576K
Event: 9.437 GC heap after
Heap after GC invocations=11 (full 2):
 PSYoungGen      total 228352K, used 13292K [0x00000000d5580000, 0x00000000e6780000, 0x0000000100000000)
  eden space 215040K, 0% used [0x00000000d5580000,0x00000000d5580000,0x00000000e2780000)
  from space 13312K, 99% used [0x00000000e2780000,0x00000000e347b310,0x00000000e3480000)
  to   space 19456K, 0% used [0x00000000e5480000,0x00000000e5480000,0x00000000e6780000)
 ParOldGen       total 124416K, used 27648K [0x0000000080000000, 0x0000000087980000, 0x00000000d5580000)
  object space 124416K, 22% used [0x0000000080000000,0x0000000081b00240,0x0000000087980000)
 Metaspace       used 53840K, capacity 56060K, committed 56280K, reserved 1097728K
  class space    used 7153K, capacity 7602K, committed 7680K, reserved 1048576K
}
Event: 9.809 GC heap before
{Heap before GC invocations=12 (full 2):
 PSYoungGen      total 228352K, used 81131K [0x00000000d5580000, 0x00000000e6780000, 0x0000000100000000)
  eden space 215040K, 31% used [0x00000000d5580000,0x00000000d97bfbc0,0x00000000e2780000)
  from space 13312K, 99% used [0x00000000e2780000,0x00000000e347b310,0x00000000e3480000)
  to   space 19456K, 0% used [0x00000000e5480000,0x00000000e5480000,0x00000000e6780000)
 ParOldGen       total 124416K, used 27648K [0x0000000080000000, 0x0000000087980000, 0x00000000d5580000)
  object space 124416K, 22% used [0x0000000080000000,0x0000000081b00240,0x0000000087980000)
 Metaspace       used 56508K, capacity 58936K, committed 58968K, reserved 1099776K
  class space    used 7546K, capacity 8052K, committed 8064K, reserved 1048576K
Event: 9.822 GC heap after
Heap after GC invocations=12 (full 2):
 PSYoungGen      total 260096K, used 14802K [0x00000000d5580000, 0x00000000e9980000, 0x0000000100000000)
  eden space 240640K, 0% used [0x00000000d5580000,0x00000000d5580000,0x00000000e4080000)
  from space 19456K, 76% used [0x00000000e5480000,0x00000000e62f4a10,0x00000000e6780000)
  to   space 20480K, 0% used [0x00000000e4080000,0x00000000e4080000,0x00000000e5480000)
 ParOldGen       total 124416K, used 33170K [0x0000000080000000, 0x0000000087980000, 0x00000000d5580000)
  object space 124416K, 26% used [0x0000000080000000,0x00000000820649a0,0x0000000087980000)
 Metaspace       used 56508K, capacity 58936K, committed 58968K, reserved 1099776K
  class space    used 7546K, capacity 8052K, committed 8064K, reserved 1048576K
}
Event: 9.822 GC heap before
{Heap before GC invocations=13 (full 3):
 PSYoungGen      total 260096K, used 14802K [0x00000000d5580000, 0x00000000e9980000, 0x0000000100000000)
  eden space 240640K, 0% used [0x00000000d5580000,0x00000000d5580000,0x00000000e4080000)
  from space 19456K, 76% used [0x00000000e5480000,0x00000000e62f4a10,0x00000000e6780000)
  to   space 20480K, 0% used [0x00000000e4080000,0x00000000e4080000,0x00000000e5480000)
 ParOldGen       total 124416K, used 33170K [0x0000000080000000, 0x0000000087980000, 0x00000000d5580000)
  object space 124416K, 26% used [0x0000000080000000,0x00000000820649a0,0x0000000087980000)
 Metaspace       used 56508K, capacity 58936K, committed 58968K, reserved 1099776K
  class space    used 7546K, capacity 8052K, committed 8064K, reserved 1048576K
Event: 10.054 GC heap after
Heap after GC invocations=13 (full 3):
 PSYoungGen      total 260096K, used 0K [0x00000000d5580000, 0x00000000e9980000, 0x0000000100000000)
  eden space 240640K, 0% used [0x00000000d5580000,0x00000000d5580000,0x00000000e4080000)
  from space 19456K, 0% used [0x00000000e5480000,0x00000000e5480000,0x00000000e6780000)
  to   space 20480K, 0% used [0x00000000e4080000,0x00000000e4080000,0x00000000e5480000)
 ParOldGen       total 190464K, used 35814K [0x0000000080000000, 0x000000008ba00000, 0x00000000d5580000)
  object space 190464K, 18% used [0x0000000080000000,0x00000000822f9a28,0x000000008ba00000)
 Metaspace       used 56507K, capacity 58930K, committed 58968K, reserved 1099776K
  class space    used 7546K, capacity 8051K, committed 8064K, reserved 1048576K
}

