# JRE version: OpenJDK Runtime Environment (8.0_242-b01) (build 1.8.0_242-release-1644-b01)
# Java VM: OpenJDK 64-Bit Server VM (25.242-b01 mixed mode windows-amd64 compressed oops)
Heap:
 PSYoungGen      total 344064K, used 110847K [0x00000000d5580000, 0x00000000f6180000, 0x0000000100000000)
  eden space 293376K, 37% used [0x00000000d5580000,0x00000000dc1bfc88,0x00000000e7400000)
  from space 50688K, 0% used [0x00000000e7400000,0x00000000e7400000,0x00000000ea580000)
  to   space 80896K, 0% used [0x00000000f1280000,0x00000000f1280000,0x00000000f6180000)
 ParOldGen       total 418816K, used 165734K [0x0000000080000000, 0x0000000099900000, 0x00000000d5580000)
  object space 418816K, 39% used [0x0000000080000000,0x000000008a1d9958,0x0000000099900000)
 Metaspace       used 84117K, capacity 88166K, committed 88472K, reserved 1126400K
  class space    used 11388K, capacity 12162K, committed 12200K, reserved 1048576K
GC Heap History (10 events):
Event: 10.278 GC heap before
{Heap before GC invocations=15 (full 3):
 PSYoungGen      total 246272K, used 246253K [0x00000000d5580000, 0x00000000e8d80000, 0x0000000100000000)
  eden space 225792K, 100% used [0x00000000d5580000,0x00000000e3200000,0x00000000e3200000)
  from space 20480K, 99% used [0x00000000e3200000,0x00000000e45fb690,0x00000000e4600000)
  to   space 23552K, 0% used [0x00000000e7680000,0x00000000e7680000,0x00000000e8d80000)
 ParOldGen       total 195072K, used 35651K [0x0000000080000000, 0x000000008be80000, 0x00000000d5580000)
  object space 195072K, 18% used [0x0000000080000000,0x00000000822d0d00,0x000000008be80000)
 Metaspace       used 68563K, capacity 71744K, committed 71960K, reserved 1112064K
  class space    used 9329K, capacity 9947K, committed 10024K, reserved 1048576K
Event: 10.295 GC heap after
Heap after GC invocations=15 (full 3):
 PSYoungGen      total 286208K, used 23535K [0x00000000d5580000, 0x00000000e9e80000, 0x0000000100000000)
  eden space 262656K, 0% used [0x00000000d5580000,0x00000000d5580000,0x00000000e5600000)
  from space 23552K, 99% used [0x00000000e7680000,0x00000000e8d7bd98,0x00000000e8d80000)
  to   space 33280K, 0% used [0x00000000e5600000,0x00000000e5600000,0x00000000e7680000)
 ParOldGen       total 195072K, used 53796K [0x0000000080000000, 0x000000008be80000, 0x00000000d5580000)
  object space 195072K, 27% used [0x0000000080000000,0x0000000083489018,0x000000008be80000)
 Metaspace       used 68563K, capacity 71744K, committed 71960K, reserved 1112064K
  class space    used 9329K, capacity 9947K, committed 10024K, reserved 1048576K
}
Event: 12.000 GC heap before
{Heap before GC invocations=16 (full 3):
 PSYoungGen      total 286208K, used 286191K [0x00000000d5580000, 0x00000000e9e80000, 0x0000000100000000)
  eden space 262656K, 100% used [0x00000000d5580000,0x00000000e5600000,0x00000000e5600000)
  from space 23552K, 99% used [0x00000000e7680000,0x00000000e8d7bd98,0x00000000e8d80000)
  to   space 33280K, 0% used [0x00000000e5600000,0x00000000e5600000,0x00000000e7680000)
 ParOldGen       total 195072K, used 53796K [0x0000000080000000, 0x000000008be80000, 0x00000000d5580000)
  object space 195072K, 27% used [0x0000000080000000,0x0000000083489018,0x000000008be80000)
 Metaspace       used 73405K, capacity 76720K, committed 76952K, reserved 1116160K
  class space    used 9914K, capacity 10547K, committed 10664K, reserved 1048576K
Event: 12.022 GC heap after
Heap after GC invocations=16 (full 3):
 PSYoungGen      total 295936K, used 14499K [0x00000000d5580000, 0x00000000ec480000, 0x0000000100000000)
  eden space 262656K, 0% used [0x00000000d5580000,0x00000000d5580000,0x00000000e5600000)
  from space 33280K, 43% used [0x00000000e5600000,0x00000000e6428f70,0x00000000e7680000)
  to   space 31744K, 0% used [0x00000000ea580000,0x00000000ea580000,0x00000000ec480000)
 ParOldGen       total 195072K, used 76018K [0x0000000080000000, 0x000000008be80000, 0x00000000d5580000)
  object space 195072K, 38% used [0x0000000080000000,0x0000000084a3c828,0x000000008be80000)
 Metaspace       used 73405K, capacity 76720K, committed 76952K, reserved 1116160K
  class space    used 9914K, capacity 10547K, committed 10664K, reserved 1048576K
}
Event: 12.743 GC heap before
{Heap before GC invocations=17 (full 3):
 PSYoungGen      total 295936K, used 277155K [0x00000000d5580000, 0x00000000ec480000, 0x0000000100000000)
  eden space 262656K, 100% used [0x00000000d5580000,0x00000000e5600000,0x00000000e5600000)
  from space 33280K, 43% used [0x00000000e5600000,0x00000000e6428f70,0x00000000e7680000)
  to   space 31744K, 0% used [0x00000000ea580000,0x00000000ea580000,0x00000000ec480000)
 ParOldGen       total 195072K, used 76018K [0x0000000080000000, 0x000000008be80000, 0x00000000d5580000)
  object space 195072K, 38% used [0x0000000080000000,0x0000000084a3c828,0x000000008be80000)
 Metaspace       used 77078K, capacity 80774K, committed 81048K, reserved 1120256K
  class space    used 10411K, capacity 11100K, committed 11176K, reserved 1048576K
Event: 12.775 GC heap after
Heap after GC invocations=17 (full 3):
 PSYoungGen      total 325120K, used 31730K [0x00000000d5580000, 0x00000000ef700000, 0x0000000100000000)
  eden space 293376K, 0% used [0x00000000d5580000,0x00000000d5580000,0x00000000e7400000)
  from space 31744K, 99% used [0x00000000ea580000,0x00000000ec47c958,0x00000000ec480000)
  to   space 50688K, 0% used [0x00000000e7400000,0x00000000e7400000,0x00000000ea580000)
 ParOldGen       total 195072K, used 114936K [0x0000000080000000, 0x000000008be80000, 0x00000000d5580000)
  object space 195072K, 58% used [0x0000000080000000,0x000000008703e1a0,0x000000008be80000)
 Metaspace       used 77078K, capacity 80774K, committed 81048K, reserved 1120256K
  class space    used 10411K, capacity 11100K, committed 11176K, reserved 1048576K
}
Event: 13.906 GC heap before
{Heap before GC invocations=18 (full 3):
 PSYoungGen      total 325120K, used 325106K [0x00000000d5580000, 0x00000000ef700000, 0x0000000100000000)
  eden space 293376K, 100% used [0x00000000d5580000,0x00000000e7400000,0x00000000e7400000)
  from space 31744K, 99% used [0x00000000ea580000,0x00000000ec47c958,0x00000000ec480000)
  to   space 50688K, 0% used [0x00000000e7400000,0x00000000e7400000,0x00000000ea580000)
 ParOldGen       total 195072K, used 114936K [0x0000000080000000, 0x000000008be80000, 0x00000000d5580000)
  object space 195072K, 58% used [0x0000000080000000,0x000000008703e1a0,0x000000008be80000)
 Metaspace       used 81726K, capacity 85898K, committed 86168K, reserved 1124352K
  class space    used 11115K, capacity 11906K, committed 11944K, reserved 1048576K
Event: 13.962 GC heap after
Heap after GC invocations=18 (full 3):
 PSYoungGen      total 344064K, used 50657K [0x00000000d5580000, 0x00000000f6180000, 0x0000000100000000)
  eden space 293376K, 0% used [0x00000000d5580000,0x00000000d5580000,0x00000000e7400000)
  from space 50688K, 99% used [0x00000000e7400000,0x00000000ea578738,0x00000000ea580000)
  to   space 80896K, 0% used [0x00000000f1280000,0x00000000f1280000,0x00000000f6180000)
 ParOldGen       total 195072K, used 175065K [0x0000000080000000, 0x000000008be80000, 0x00000000d5580000)
  object space 195072K, 89% used [0x0000000080000000,0x000000008aaf6508,0x000000008be80000)
 Metaspace       used 81726K, capacity 85898K, committed 86168K, reserved 1124352K
  class space    used 11115K, capacity 11906K, committed 11944K, reserved 1048576K
}
Event: 13.962 GC heap before
{Heap before GC invocations=19 (full 4):
 PSYoungGen      total 344064K, used 50657K [0x00000000d5580000, 0x00000000f6180000, 0x0000000100000000)
  eden space 293376K, 0% used [0x00000000d5580000,0x00000000d5580000,0x00000000e7400000)
  from space 50688K, 99% used [0x00000000e7400000,0x00000000ea578738,0x00000000ea580000)
  to   space 80896K, 0% used [0x00000000f1280000,0x00000000f1280000,0x00000000f6180000)
 ParOldGen       total 195072K, used 175065K [0x0000000080000000, 0x000000008be80000, 0x00000000d5580000)
  object space 195072K, 89% used [0x0000000080000000,0x000000008aaf6508,0x000000008be80000)
 Metaspace       used 81726K, capacity 85898K, committed 86168K, reserved 1124352K
  class space    used 11115K, capacity 11906K, committed 11944K, reserved 1048576K
Event: 14.333 GC heap after
Heap after GC invocations=19 (full 4):
 PSYoungGen      total 344064K, used 0K [0x00000000d5580000, 0x00000000f6180000, 0x0000000100000000)
  eden space 293376K, 0% used [0x00000000d5580000,0x00000000d5580000,0x00000000e7400000)
  from space 50688K, 0% used [0x00000000e7400000,0x00000000e7400000,0x00000000ea580000)
  to   space 80896K, 0% used [0x00000000f1280000,0x00000000f1280000,0x00000000f6180000)
 ParOldGen       total 418816K, used 165734K [0x0000000080000000, 0x0000000099900000, 0x00000000d5580000)
  object space 418816K, 39% used [0x0000000080000000,0x000000008a1d9958,0x0000000099900000)
 Metaspace       used 81573K, capacity 85446K, committed 86168K, reserved 1124352K
  class space    used 11066K, capacity 11820K, committed 11944K, reserved 1048576K
}

