# JRE version: OpenJDK Runtime Environment (8.0_242-b01) (build 1.8.0_242-release-1644-b01)
# Java VM: OpenJDK 64-Bit Server VM (25.242-b01 mixed mode windows-amd64 compressed oops)
Heap:
 PSYoungGen      total 403456K, used 215737K [0x00000000d5580000, 0x00000000f7400000, 0x0000000100000000)
  eden space 360960K, 57% used [0x00000000d5580000,0x00000000e1fc2590,0x00000000eb600000)
  from space 42496K, 20% used [0x00000000ee300000,0x00000000eeb6c040,0x00000000f0c80000)
  to   space 46080K, 0% used [0x00000000eb600000,0x00000000eb600000,0x00000000ee300000)
 ParOldGen       total 200704K, used 146153K [0x0000000080000000, 0x000000008c400000, 0x00000000d5580000)
  object space 200704K, 72% used [0x0000000080000000,0x0000000088eba558,0x000000008c400000)
 Metaspace       used 82038K, capacity 86119K, committed 86552K, reserved 1124352K
  class space    used 11136K, capacity 11905K, committed 12080K, reserved 1048576K
GC Heap History (10 events):
Event: 11.771 GC heap before
{Heap before GC invocations=16 (full 3):
 PSYoungGen      total 301568K, used 295658K [0x00000000d5580000, 0x00000000e9280000, 0x0000000100000000)
  eden space 279552K, 100% used [0x00000000d5580000,0x00000000e6680000,0x00000000e6680000)
  from space 22016K, 73% used [0x00000000e7d00000,0x00000000e8cba9c0,0x00000000e9280000)
  to   space 22528K, 0% used [0x00000000e6680000,0x00000000e6680000,0x00000000e7c80000)
 ParOldGen       total 200704K, used 61925K [0x0000000080000000, 0x000000008c400000, 0x00000000d5580000)
  object space 200704K, 30% used [0x0000000080000000,0x0000000083c79508,0x000000008c400000)
 Metaspace       used 75120K, capacity 78643K, committed 78744K, reserved 1118208K
  class space    used 10243K, capacity 10887K, committed 10928K, reserved 1048576K
Event: 11.826 GC heap after
Heap after GC invocations=16 (full 3):
 PSYoungGen      total 302080K, used 22513K [0x00000000d5580000, 0x00000000f0c80000, 0x0000000100000000)
  eden space 279552K, 0% used [0x00000000d5580000,0x00000000d5580000,0x00000000e6680000)
  from space 22528K, 99% used [0x00000000e6680000,0x00000000e7c7c5f8,0x00000000e7c80000)
  to   space 42496K, 0% used [0x00000000ee300000,0x00000000ee300000,0x00000000f0c80000)
 ParOldGen       total 200704K, used 108536K [0x0000000080000000, 0x000000008c400000, 0x00000000d5580000)
  object space 200704K, 54% used [0x0000000080000000,0x00000000869fe0c0,0x000000008c400000)
 Metaspace       used 75120K, capacity 78643K, committed 78744K, reserved 1118208K
  class space    used 10243K, capacity 10887K, committed 10928K, reserved 1048576K
}
Event: 12.401 GC heap before
{Heap before GC invocations=17 (full 3):
 PSYoungGen      total 302080K, used 302065K [0x00000000d5580000, 0x00000000f0c80000, 0x0000000100000000)
  eden space 279552K, 100% used [0x00000000d5580000,0x00000000e6680000,0x00000000e6680000)
  from space 22528K, 99% used [0x00000000e6680000,0x00000000e7c7c5f8,0x00000000e7c80000)
  to   space 42496K, 0% used [0x00000000ee300000,0x00000000ee300000,0x00000000f0c80000)
 ParOldGen       total 200704K, used 108536K [0x0000000080000000, 0x000000008c400000, 0x00000000d5580000)
  object space 200704K, 54% used [0x0000000080000000,0x00000000869fe0c0,0x000000008c400000)
 Metaspace       used 80306K, capacity 84393K, committed 84632K, reserved 1122304K
  class space    used 11033K, capacity 11836K, committed 11952K, reserved 1048576K
Event: 12.432 GC heap after
Heap after GC invocations=17 (full 3):
 PSYoungGen      total 401920K, used 38626K [0x00000000d5580000, 0x00000000f1b00000, 0x0000000100000000)
  eden space 359424K, 0% used [0x00000000d5580000,0x00000000d5580000,0x00000000eb480000)
  from space 42496K, 90% used [0x00000000ee300000,0x00000000f08b88c0,0x00000000f0c80000)
  to   space 47616K, 0% used [0x00000000eb480000,0x00000000eb480000,0x00000000ee300000)
 ParOldGen       total 200704K, used 131305K [0x0000000080000000, 0x000000008c400000, 0x00000000d5580000)
  object space 200704K, 65% used [0x0000000080000000,0x000000008803a448,0x000000008c400000)
 Metaspace       used 80306K, capacity 84393K, committed 84632K, reserved 1122304K
  class space    used 11033K, capacity 11836K, committed 11952K, reserved 1048576K
}
Event: 12.996 GC heap before
{Heap before GC invocations=18 (full 3):
 PSYoungGen      total 401920K, used 398050K [0x00000000d5580000, 0x00000000f1b00000, 0x0000000100000000)
  eden space 359424K, 100% used [0x00000000d5580000,0x00000000eb480000,0x00000000eb480000)
  from space 42496K, 90% used [0x00000000ee300000,0x00000000f08b88c0,0x00000000f0c80000)
  to   space 47616K, 0% used [0x00000000eb480000,0x00000000eb480000,0x00000000ee300000)
 ParOldGen       total 200704K, used 131305K [0x0000000080000000, 0x000000008c400000, 0x00000000d5580000)
  object space 200704K, 65% used [0x0000000080000000,0x000000008803a448,0x000000008c400000)
 Metaspace       used 81909K, capacity 86137K, committed 86296K, reserved 1124352K
  class space    used 11185K, capacity 12022K, committed 12080K, reserved 1048576K
Event: 13.027 GC heap after
Heap after GC invocations=18 (full 3):
 PSYoungGen      total 407040K, used 9870K [0x00000000d5580000, 0x00000000f1b00000, 0x0000000100000000)
  eden space 359424K, 0% used [0x00000000d5580000,0x00000000d5580000,0x00000000eb480000)
  from space 47616K, 20% used [0x00000000eb480000,0x00000000ebe23ab0,0x00000000ee300000)
  to   space 42496K, 0% used [0x00000000ee300000,0x00000000ee300000,0x00000000f0c80000)
 ParOldGen       total 200704K, used 164662K [0x0000000080000000, 0x000000008c400000, 0x00000000d5580000)
  object space 200704K, 82% used [0x0000000080000000,0x000000008a0cd968,0x000000008c400000)
 Metaspace       used 81909K, capacity 86137K, committed 86296K, reserved 1124352K
  class space    used 11185K, capacity 12022K, committed 12080K, reserved 1048576K
}
Event: 13.027 GC heap before
{Heap before GC invocations=19 (full 4):
 PSYoungGen      total 407040K, used 9870K [0x00000000d5580000, 0x00000000f1b00000, 0x0000000100000000)
  eden space 359424K, 0% used [0x00000000d5580000,0x00000000d5580000,0x00000000eb480000)
  from space 47616K, 20% used [0x00000000eb480000,0x00000000ebe23ab0,0x00000000ee300000)
  to   space 42496K, 0% used [0x00000000ee300000,0x00000000ee300000,0x00000000f0c80000)
 ParOldGen       total 200704K, used 164662K [0x0000000080000000, 0x000000008c400000, 0x00000000d5580000)
  object space 200704K, 82% used [0x0000000080000000,0x000000008a0cd968,0x000000008c400000)
 Metaspace       used 81909K, capacity 86137K, committed 86296K, reserved 1124352K
  class space    used 11185K, capacity 12022K, committed 12080K, reserved 1048576K
Event: 13.295 GC heap after
Heap after GC invocations=19 (full 4):
 PSYoungGen      total 407040K, used 0K [0x00000000d5580000, 0x00000000f1b00000, 0x0000000100000000)
  eden space 359424K, 0% used [0x00000000d5580000,0x00000000d5580000,0x00000000eb480000)
  from space 47616K, 0% used [0x00000000eb480000,0x00000000eb480000,0x00000000ee300000)
  to   space 42496K, 0% used [0x00000000ee300000,0x00000000ee300000,0x00000000f0c80000)
 ParOldGen       total 200704K, used 146153K [0x0000000080000000, 0x000000008c400000, 0x00000000d5580000)
  object space 200704K, 72% used [0x0000000080000000,0x0000000088eba558,0x000000008c400000)
 Metaspace       used 81641K, capacity 85487K, committed 86296K, reserved 1124352K
  class space    used 11093K, capacity 11857K, committed 12080K, reserved 1048576K
}
Event: 13.627 GC heap before
{Heap before GC invocations=20 (full 4):
 PSYoungGen      total 407040K, used 359424K [0x00000000d5580000, 0x00000000f1b00000, 0x0000000100000000)
  eden space 359424K, 100% used [0x00000000d5580000,0x00000000eb480000,0x00000000eb480000)
  from space 47616K, 0% used [0x00000000eb480000,0x00000000eb480000,0x00000000ee300000)
  to   space 42496K, 0% used [0x00000000ee300000,0x00000000ee300000,0x00000000f0c80000)
 ParOldGen       total 200704K, used 146153K [0x0000000080000000, 0x000000008c400000, 0x00000000d5580000)
  object space 200704K, 72% used [0x0000000080000000,0x0000000088eba558,0x000000008c400000)
 Metaspace       used 81917K, capacity 85969K, committed 86552K, reserved 1124352K
  class space    used 11134K, capacity 11904K, committed 12080K, reserved 1048576K
Event: 13.636 GC heap after
Heap after GC invocations=20 (full 4):
 PSYoungGen      total 403456K, used 8624K [0x00000000d5580000, 0x00000000f7400000, 0x0000000100000000)
  eden space 360960K, 0% used [0x00000000d5580000,0x00000000d5580000,0x00000000eb600000)
  from space 42496K, 20% used [0x00000000ee300000,0x00000000eeb6c040,0x00000000f0c80000)
  to   space 46080K, 0% used [0x00000000eb600000,0x00000000eb600000,0x00000000ee300000)
 ParOldGen       total 200704K, used 146153K [0x0000000080000000, 0x000000008c400000, 0x00000000d5580000)
  object space 200704K, 72% used [0x0000000080000000,0x0000000088eba558,0x000000008c400000)
 Metaspace       used 81917K, capacity 85969K, committed 86552K, reserved 1124352K
  class space    used 11134K, capacity 11904K, committed 12080K, reserved 1048576K
}

