# JRE version: OpenJDK Runtime Environment (8.0_242-b01) (build 1.8.0_242-release-1644-b01)
# Java VM: OpenJDK 64-Bit Server VM (25.242-b01 mixed mode windows-amd64 compressed oops)
Heap:
 PSYoungGen      total 546816K, used 310197K [0x00000000d5580000, 0x0000000100000000, 0x0000000100000000)
  eden space 492032K, 63% used [0x00000000d5580000,0x00000000e846d558,0x00000000f3600000)
  from space 54784K, 0% used [0x00000000fca80000,0x00000000fca80000,0x0000000100000000)
  to   space 103424K, 0% used [0x00000000f3600000,0x00000000f3600000,0x00000000f9b00000)
 ParOldGen       total 235008K, used 212915K [0x0000000080000000, 0x000000008e580000, 0x00000000d5580000)
  object space 235008K, 90% used [0x0000000080000000,0x000000008cfecc28,0x000000008e580000)
 Metaspace       used 121981K, capacity 128624K, committed 129740K, reserved 1161216K
  class space    used 15755K, capacity 17049K, committed 17396K, reserved 1048576K
GC Heap History (10 events):
Event: 5649.000 GC heap before
{Heap before GC invocations=19 (full 4):
 PSYoungGen      total 628224K, used 627755K [0x00000000d5580000, 0x00000000ff400000, 0x0000000100000000)
  eden space 589312K, 100% used [0x00000000d5580000,0x00000000f9500000,0x00000000f9500000)
  from space 38912K, 98% used [0x00000000fce00000,0x00000000ff38aec0,0x00000000ff400000)
  to   space 47104K, 0% used [0x00000000f9800000,0x00000000f9800000,0x00000000fc600000)
 ParOldGen       total 235008K, used 84963K [0x0000000080000000, 0x000000008e580000, 0x00000000d5580000)
  object space 235008K, 36% used [0x0000000080000000,0x00000000852f8d18,0x000000008e580000)
 Metaspace       used 119900K, capacity 127068K, committed 127180K, reserved 1159168K
  class space    used 15704K, capacity 17111K, committed 17140K, reserved 1048576K
Event: 5649.051 GC heap after
Heap after GC invocations=19 (full 4):
 PSYoungGen      total 639488K, used 47082K [0x00000000d5580000, 0x0000000100000000, 0x0000000100000000)
  eden space 592384K, 0% used [0x00000000d5580000,0x00000000d5580000,0x00000000f9800000)
  from space 47104K, 99% used [0x00000000f9800000,0x00000000fc5fa8b8,0x00000000fc600000)
  to   space 54784K, 0% used [0x00000000fca80000,0x00000000fca80000,0x0000000100000000)
 ParOldGen       total 235008K, used 86293K [0x0000000080000000, 0x000000008e580000, 0x00000000d5580000)
  object space 235008K, 36% used [0x0000000080000000,0x0000000085445788,0x000000008e580000)
 Metaspace       used 119900K, capacity 127068K, committed 127180K, reserved 1159168K
  class space    used 15704K, capacity 17111K, committed 17140K, reserved 1048576K
}
Event: 5655.193 GC heap before
{Heap before GC invocations=20 (full 4):
 PSYoungGen      total 639488K, used 634299K [0x00000000d5580000, 0x0000000100000000, 0x0000000100000000)
  eden space 592384K, 99% used [0x00000000d5580000,0x00000000f92f4490,0x00000000f9800000)
  from space 47104K, 99% used [0x00000000f9800000,0x00000000fc5fa8b8,0x00000000fc600000)
  to   space 54784K, 0% used [0x00000000fca80000,0x00000000fca80000,0x0000000100000000)
 ParOldGen       total 235008K, used 91535K [0x0000000080000000, 0x000000008e580000, 0x00000000d5580000)
  object space 235008K, 38% used [0x0000000080000000,0x0000000085963f58,0x000000008e580000)
 Metaspace       used 121195K, capacity 128434K, committed 128588K, reserved 1161216K
  class space    used 15825K, capacity 17230K, committed 17268K, reserved 1048576K
Event: 5655.214 GC heap after
Heap after GC invocations=20 (full 4):
 PSYoungGen      total 644096K, used 31864K [0x00000000d5580000, 0x0000000100000000, 0x0000000100000000)
  eden space 589312K, 0% used [0x00000000d5580000,0x00000000d5580000,0x00000000f9500000)
  from space 54784K, 58% used [0x00000000fca80000,0x00000000fe99e360,0x0000000100000000)
  to   space 54784K, 0% used [0x00000000f9500000,0x00000000f9500000,0x00000000fca80000)
 ParOldGen       total 235008K, used 120370K [0x0000000080000000, 0x000000008e580000, 0x00000000d5580000)
  object space 235008K, 51% used [0x0000000080000000,0x000000008758cb88,0x000000008e580000)
 Metaspace       used 121195K, capacity 128434K, committed 128588K, reserved 1161216K
  class space    used 15825K, capacity 17230K, committed 17268K, reserved 1048576K
}
Event: 5945.861 GC heap before
{Heap before GC invocations=21 (full 4):
 PSYoungGen      total 644096K, used 621176K [0x00000000d5580000, 0x0000000100000000, 0x0000000100000000)
  eden space 589312K, 100% used [0x00000000d5580000,0x00000000f9500000,0x00000000f9500000)
  from space 54784K, 58% used [0x00000000fca80000,0x00000000fe99e360,0x0000000100000000)
  to   space 54784K, 0% used [0x00000000f9500000,0x00000000f9500000,0x00000000fca80000)
 ParOldGen       total 235008K, used 120373K [0x0000000080000000, 0x000000008e580000, 0x00000000d5580000)
  object space 235008K, 51% used [0x0000000080000000,0x000000008758d408,0x000000008e580000)
 Metaspace       used 122014K, capacity 129354K, committed 129484K, reserved 1161216K
  class space    used 15892K, capacity 17298K, committed 17396K, reserved 1048576K
Event: 5945.909 GC heap after
Heap after GC invocations=21 (full 4):
 PSYoungGen      total 644096K, used 54771K [0x00000000d5580000, 0x0000000100000000, 0x0000000100000000)
  eden space 589312K, 0% used [0x00000000d5580000,0x00000000d5580000,0x00000000f9500000)
  from space 54784K, 99% used [0x00000000f9500000,0x00000000fca7cdd0,0x00000000fca80000)
  to   space 54784K, 0% used [0x00000000fca80000,0x00000000fca80000,0x0000000100000000)
 ParOldGen       total 235008K, used 120997K [0x0000000080000000, 0x000000008e580000, 0x00000000d5580000)
  object space 235008K, 51% used [0x0000000080000000,0x0000000087629408,0x000000008e580000)
 Metaspace       used 122014K, capacity 129354K, committed 129484K, reserved 1161216K
  class space    used 15892K, capacity 17298K, committed 17396K, reserved 1048576K
}
Event: 5947.319 GC heap before
{Heap before GC invocations=22 (full 4):
 PSYoungGen      total 644096K, used 644083K [0x00000000d5580000, 0x0000000100000000, 0x0000000100000000)
  eden space 589312K, 100% used [0x00000000d5580000,0x00000000f9500000,0x00000000f9500000)
  from space 54784K, 99% used [0x00000000f9500000,0x00000000fca7cdd0,0x00000000fca80000)
  to   space 54784K, 0% used [0x00000000fca80000,0x00000000fca80000,0x0000000100000000)
 ParOldGen       total 235008K, used 120997K [0x0000000080000000, 0x000000008e580000, 0x00000000d5580000)
  object space 235008K, 51% used [0x0000000080000000,0x0000000087629408,0x000000008e580000)
 Metaspace       used 122117K, capacity 129466K, committed 129740K, reserved 1161216K
  class space    used 15893K, capacity 17330K, committed 17396K, reserved 1048576K
Event: 5947.413 GC heap after
Heap after GC invocations=22 (full 4):
 PSYoungGen      total 546816K, used 54761K [0x00000000d5580000, 0x0000000100000000, 0x0000000100000000)
  eden space 492032K, 0% used [0x00000000d5580000,0x00000000d5580000,0x00000000f3600000)
  from space 54784K, 99% used [0x00000000fca80000,0x00000000ffffa560,0x0000000100000000)
  to   space 103424K, 0% used [0x00000000f3600000,0x00000000f3600000,0x00000000f9b00000)
 ParOldGen       total 235008K, used 210948K [0x0000000080000000, 0x000000008e580000, 0x00000000d5580000)
  object space 235008K, 89% used [0x0000000080000000,0x000000008ce01340,0x000000008e580000)
 Metaspace       used 122117K, capacity 129466K, committed 129740K, reserved 1161216K
  class space    used 15893K, capacity 17330K, committed 17396K, reserved 1048576K
}
Event: 5947.413 GC heap before
{Heap before GC invocations=23 (full 5):
 PSYoungGen      total 546816K, used 54761K [0x00000000d5580000, 0x0000000100000000, 0x0000000100000000)
  eden space 492032K, 0% used [0x00000000d5580000,0x00000000d5580000,0x00000000f3600000)
  from space 54784K, 99% used [0x00000000fca80000,0x00000000ffffa560,0x0000000100000000)
  to   space 103424K, 0% used [0x00000000f3600000,0x00000000f3600000,0x00000000f9b00000)
 ParOldGen       total 235008K, used 210948K [0x0000000080000000, 0x000000008e580000, 0x00000000d5580000)
  object space 235008K, 89% used [0x0000000080000000,0x000000008ce01340,0x000000008e580000)
 Metaspace       used 122117K, capacity 129466K, committed 129740K, reserved 1161216K
  class space    used 15893K, capacity 17330K, committed 17396K, reserved 1048576K
Event: 5947.983 GC heap after
Heap after GC invocations=23 (full 5):
 PSYoungGen      total 546816K, used 0K [0x00000000d5580000, 0x0000000100000000, 0x0000000100000000)
  eden space 492032K, 0% used [0x00000000d5580000,0x00000000d5580000,0x00000000f3600000)
  from space 54784K, 0% used [0x00000000fca80000,0x00000000fca80000,0x0000000100000000)
  to   space 103424K, 0% used [0x00000000f3600000,0x00000000f3600000,0x00000000f9b00000)
 ParOldGen       total 235008K, used 212915K [0x0000000080000000, 0x000000008e580000, 0x00000000d5580000)
  object space 235008K, 90% used [0x0000000080000000,0x000000008cfecc28,0x000000008e580000)
 Metaspace       used 121675K, capacity 128332K, committed 129740K, reserved 1161216K
  class space    used 15752K, capacity 17047K, committed 17396K, reserved 1048576K
}

