# JRE version: OpenJDK Runtime Environment (8.0_242-b01) (build 1.8.0_242-release-1644-b01)
# Java VM: OpenJDK 64-Bit Server VM (25.242-b01 mixed mode windows-amd64 compressed oops)
Heap:
 PSYoungGen      total 505856K, used 247648K [0x00000000d5580000, 0x0000000100000000, 0x0000000100000000)
  eden space 457728K, 43% used [0x00000000d5580000,0x00000000e185ac40,0x00000000f1480000)
  from space 48128K, 99% used [0x00000000f1480000,0x00000000f437d3d0,0x00000000f4380000)
  to   space 93184K, 0% used [0x00000000fa500000,0x00000000fa500000,0x0000000100000000)
 ParOldGen       total 315904K, used 143912K [0x0000000080000000, 0x0000000093480000, 0x00000000d5580000)
  object space 315904K, 45% used [0x0000000080000000,0x0000000088c8a240,0x0000000093480000)
 Metaspace       used 122451K, capacity 129236K, committed 129560K, reserved 1161216K
  class space    used 15786K, capacity 17100K, committed 17192K, reserved 1048576K
GC Heap History (10 events):
Event: 6876.870 GC heap before
{Heap before GC invocations=26 (full 5):
 PSYoungGen      total 484864K, used 436211K [0x00000000d5580000, 0x00000000f6280000, 0x0000000100000000)
  eden space 436224K, 99% used [0x00000000d5580000,0x00000000eff7cd20,0x00000000eff80000)
  from space 48640K, 0% used [0x00000000f3300000,0x00000000f3300000,0x00000000f6280000)
  to   space 50688K, 0% used [0x00000000eff80000,0x00000000eff80000,0x00000000f3100000)
 ParOldGen       total 315904K, used 69933K [0x0000000080000000, 0x0000000093480000, 0x00000000d5580000)
  object space 315904K, 22% used [0x0000000080000000,0x000000008444b518,0x0000000093480000)
 Metaspace       used 118889K, capacity 125212K, committed 126360K, reserved 1159168K
  class space    used 15491K, capacity 16736K, committed 17064K, reserved 1048576K
Event: 6876.895 GC heap after
Heap after GC invocations=26 (full 5):
 PSYoungGen      total 486912K, used 12138K [0x00000000d5580000, 0x00000000f8a80000, 0x0000000100000000)
  eden space 436224K, 0% used [0x00000000d5580000,0x00000000d5580000,0x00000000eff80000)
  from space 50688K, 23% used [0x00000000eff80000,0x00000000f0b5a9e0,0x00000000f3100000)
  to   space 49664K, 0% used [0x00000000f5a00000,0x00000000f5a00000,0x00000000f8a80000)
 ParOldGen       total 315904K, used 69941K [0x0000000080000000, 0x0000000093480000, 0x00000000d5580000)
  object space 315904K, 22% used [0x0000000080000000,0x000000008444d518,0x0000000093480000)
 Metaspace       used 118889K, capacity 125212K, committed 126360K, reserved 1159168K
  class space    used 15491K, capacity 16736K, committed 17064K, reserved 1048576K
}
Event: 6882.959 GC heap before
{Heap before GC invocations=27 (full 5):
 PSYoungGen      total 486912K, used 448362K [0x00000000d5580000, 0x00000000f8a80000, 0x0000000100000000)
  eden space 436224K, 100% used [0x00000000d5580000,0x00000000eff80000,0x00000000eff80000)
  from space 50688K, 23% used [0x00000000eff80000,0x00000000f0b5a9e0,0x00000000f3100000)
  to   space 49664K, 0% used [0x00000000f5a00000,0x00000000f5a00000,0x00000000f8a80000)
 ParOldGen       total 315904K, used 69941K [0x0000000080000000, 0x0000000093480000, 0x00000000d5580000)
  object space 315904K, 22% used [0x0000000080000000,0x000000008444d518,0x0000000093480000)
 Metaspace       used 120178K, capacity 126676K, committed 127384K, reserved 1159168K
  class space    used 15640K, capacity 16920K, committed 17064K, reserved 1048576K
Event: 6882.979 GC heap after
Heap after GC invocations=27 (full 5):
 PSYoungGen      total 446976K, used 24790K [0x00000000d5580000, 0x00000000f7280000, 0x0000000100000000)
  eden space 421888K, 0% used [0x00000000d5580000,0x00000000d5580000,0x00000000ef180000)
  from space 25088K, 98% used [0x00000000f5a00000,0x00000000f7235970,0x00000000f7280000)
  to   space 48128K, 0% used [0x00000000f1480000,0x00000000f1480000,0x00000000f4380000)
 ParOldGen       total 315904K, used 69949K [0x0000000080000000, 0x0000000093480000, 0x00000000d5580000)
  object space 315904K, 22% used [0x0000000080000000,0x000000008444f518,0x0000000093480000)
 Metaspace       used 120178K, capacity 126676K, committed 127384K, reserved 1159168K
  class space    used 15640K, capacity 16920K, committed 17064K, reserved 1048576K
}
Event: 6886.640 GC heap before
{Heap before GC invocations=28 (full 5):
 PSYoungGen      total 446976K, used 446678K [0x00000000d5580000, 0x00000000f7280000, 0x0000000100000000)
  eden space 421888K, 100% used [0x00000000d5580000,0x00000000ef180000,0x00000000ef180000)
  from space 25088K, 98% used [0x00000000f5a00000,0x00000000f7235970,0x00000000f7280000)
  to   space 48128K, 0% used [0x00000000f1480000,0x00000000f1480000,0x00000000f4380000)
 ParOldGen       total 315904K, used 69949K [0x0000000080000000, 0x0000000093480000, 0x00000000d5580000)
  object space 315904K, 22% used [0x0000000080000000,0x000000008444f518,0x0000000093480000)
 Metaspace       used 121539K, capacity 128190K, committed 128536K, reserved 1161216K
  class space    used 15752K, capacity 17049K, committed 17192K, reserved 1048576K
Event: 6886.792 GC heap after
Heap after GC invocations=28 (full 5):
 PSYoungGen      total 505856K, used 48098K [0x00000000d5580000, 0x00000000faa00000, 0x0000000100000000)
  eden space 457728K, 0% used [0x00000000d5580000,0x00000000d5580000,0x00000000f1480000)
  from space 48128K, 99% used [0x00000000f1480000,0x00000000f43788b8,0x00000000f4380000)
  to   space 61952K, 0% used [0x00000000f6d80000,0x00000000f6d80000,0x00000000faa00000)
 ParOldGen       total 315904K, used 88332K [0x0000000080000000, 0x0000000093480000, 0x00000000d5580000)
  object space 315904K, 27% used [0x0000000080000000,0x00000000856431a0,0x0000000093480000)
 Metaspace       used 121539K, capacity 128190K, committed 128536K, reserved 1161216K
  class space    used 15752K, capacity 17049K, committed 17192K, reserved 1048576K
}
Event: 6887.790 GC heap before
{Heap before GC invocations=29 (full 5):
 PSYoungGen      total 505856K, used 505826K [0x00000000d5580000, 0x00000000faa00000, 0x0000000100000000)
  eden space 457728K, 100% used [0x00000000d5580000,0x00000000f1480000,0x00000000f1480000)
  from space 48128K, 99% used [0x00000000f1480000,0x00000000f43788b8,0x00000000f4380000)
  to   space 61952K, 0% used [0x00000000f6d80000,0x00000000f6d80000,0x00000000faa00000)
 ParOldGen       total 315904K, used 88332K [0x0000000080000000, 0x0000000093480000, 0x00000000d5580000)
  object space 315904K, 27% used [0x0000000080000000,0x00000000856431a0,0x0000000093480000)
 Metaspace       used 122230K, capacity 128990K, committed 129304K, reserved 1161216K
  class space    used 15780K, capacity 17095K, committed 17192K, reserved 1048576K
Event: 6887.853 GC heap after
Heap after GC invocations=29 (full 5):
 PSYoungGen      total 519680K, used 61922K [0x00000000d5580000, 0x00000000faa00000, 0x0000000100000000)
  eden space 457728K, 0% used [0x00000000d5580000,0x00000000d5580000,0x00000000f1480000)
  from space 61952K, 99% used [0x00000000f6d80000,0x00000000fa9f89b8,0x00000000faa00000)
  to   space 48128K, 0% used [0x00000000f1480000,0x00000000f1480000,0x00000000f4380000)
 ParOldGen       total 315904K, used 108735K [0x0000000080000000, 0x0000000093480000, 0x00000000d5580000)
  object space 315904K, 34% used [0x0000000080000000,0x0000000086a2fe58,0x0000000093480000)
 Metaspace       used 122230K, capacity 128990K, committed 129304K, reserved 1161216K
  class space    used 15780K, capacity 17095K, committed 17192K, reserved 1048576K
}
Event: 6888.258 GC heap before
{Heap before GC invocations=30 (full 5):
 PSYoungGen      total 519680K, used 519650K [0x00000000d5580000, 0x00000000faa00000, 0x0000000100000000)
  eden space 457728K, 100% used [0x00000000d5580000,0x00000000f1480000,0x00000000f1480000)
  from space 61952K, 99% used [0x00000000f6d80000,0x00000000fa9f89b8,0x00000000faa00000)
  to   space 48128K, 0% used [0x00000000f1480000,0x00000000f1480000,0x00000000f4380000)
 ParOldGen       total 315904K, used 108735K [0x0000000080000000, 0x0000000093480000, 0x00000000d5580000)
  object space 315904K, 34% used [0x0000000080000000,0x0000000086a2fe58,0x0000000093480000)
 Metaspace       used 122420K, capacity 129236K, committed 129560K, reserved 1161216K
  class space    used 15784K, capacity 17100K, committed 17192K, reserved 1048576K
Event: 6888.314 GC heap after
Heap after GC invocations=30 (full 5):
 PSYoungGen      total 505856K, used 48116K [0x00000000d5580000, 0x0000000100000000, 0x0000000100000000)
  eden space 457728K, 0% used [0x00000000d5580000,0x00000000d5580000,0x00000000f1480000)
  from space 48128K, 99% used [0x00000000f1480000,0x00000000f437d3d0,0x00000000f4380000)
  to   space 93184K, 0% used [0x00000000fa500000,0x00000000fa500000,0x0000000100000000)
 ParOldGen       total 315904K, used 143912K [0x0000000080000000, 0x0000000093480000, 0x00000000d5580000)
  object space 315904K, 45% used [0x0000000080000000,0x0000000088c8a240,0x0000000093480000)
 Metaspace       used 122420K, capacity 129236K, committed 129560K, reserved 1161216K
  class space    used 15784K, capacity 17100K, committed 17192K, reserved 1048576K
}

