# JRE version: OpenJDK Runtime Environment (8.0_242-b01) (build 1.8.0_242-release-1644-b01)
# Java VM: OpenJDK 64-Bit Server VM (25.242-b01 mixed mode windows-amd64 compressed oops)
Heap:
 PSYoungGen      total 591872K, used 239084K [0x00000000d5580000, 0x0000000100000000, 0x0000000100000000)
  eden space 497152K, 34% used [0x00000000d5580000,0x00000000dfab8d80,0x00000000f3b00000)
  from space 94720K, 73% used [0x00000000fa380000,0x00000000fe7c2418,0x0000000100000000)
  to   space 100864K, 0% used [0x00000000f3b00000,0x00000000f3b00000,0x00000000f9d80000)
 ParOldGen       total 317952K, used 175691K [0x0000000080000000, 0x0000000093680000, 0x00000000d5580000)
  object space 317952K, 55% used [0x0000000080000000,0x000000008ab92e80,0x0000000093680000)
 Metaspace       used 103121K, capacity 108624K, committed 108968K, reserved 1144832K
  class space    used 13373K, capacity 14372K, committed 14528K, reserved 1048576K
GC Heap History (10 events):
Event: 23.698 GC heap before
{Heap before GC invocations=22 (full 4):
 PSYoungGen      total 464384K, used 34795K [0x00000000d5580000, 0x00000000f4700000, 0x0000000100000000)
  eden space 429568K, 0% used [0x00000000d5580000,0x00000000d5580000,0x00000000ef900000)
  from space 34816K, 99% used [0x00000000f2200000,0x00000000f43fae00,0x00000000f4400000)
  to   space 39936K, 0% used [0x00000000ef900000,0x00000000ef900000,0x00000000f2000000)
 ParOldGen       total 203776K, used 100938K [0x0000000080000000, 0x000000008c700000, 0x00000000d5580000)
  object space 203776K, 49% used [0x0000000080000000,0x0000000086292b80,0x000000008c700000)
 Metaspace       used 93000K, capacity 98494K, committed 98600K, reserved 1134592K
  class space    used 12355K, capacity 13362K, committed 13376K, reserved 1048576K
Event: 23.852 GC heap after
Heap after GC invocations=22 (full 4):
 PSYoungGen      total 464384K, used 0K [0x00000000d5580000, 0x00000000f4700000, 0x0000000100000000)
  eden space 429568K, 0% used [0x00000000d5580000,0x00000000d5580000,0x00000000ef900000)
  from space 34816K, 0% used [0x00000000f2200000,0x00000000f2200000,0x00000000f4400000)
  to   space 39936K, 0% used [0x00000000ef900000,0x00000000ef900000,0x00000000f2000000)
 ParOldGen       total 317952K, used 86596K [0x0000000080000000, 0x0000000093680000, 0x00000000d5580000)
  object space 317952K, 27% used [0x0000000080000000,0x0000000085491100,0x0000000093680000)
 Metaspace       used 92275K, capacity 96718K, committed 98600K, reserved 1134592K
  class space    used 12099K, capacity 12908K, committed 13376K, reserved 1048576K
}
Event: 26.304 GC heap before
{Heap before GC invocations=23 (full 4):
 PSYoungGen      total 464384K, used 429568K [0x00000000d5580000, 0x00000000f4700000, 0x0000000100000000)
  eden space 429568K, 100% used [0x00000000d5580000,0x00000000ef900000,0x00000000ef900000)
  from space 34816K, 0% used [0x00000000f2200000,0x00000000f2200000,0x00000000f4400000)
  to   space 39936K, 0% used [0x00000000ef900000,0x00000000ef900000,0x00000000f2000000)
 ParOldGen       total 317952K, used 86596K [0x0000000080000000, 0x0000000093680000, 0x00000000d5580000)
  object space 317952K, 27% used [0x0000000080000000,0x0000000085491100,0x0000000093680000)
 Metaspace       used 94531K, capacity 99338K, committed 100904K, reserved 1136640K
  class space    used 12388K, capacity 13263K, committed 13632K, reserved 1048576K
Event: 26.378 GC heap after
Heap after GC invocations=23 (full 4):
 PSYoungGen      total 469504K, used 39909K [0x00000000d5580000, 0x00000000fd300000, 0x0000000100000000)
  eden space 429568K, 0% used [0x00000000d5580000,0x00000000d5580000,0x00000000ef900000)
  from space 39936K, 99% used [0x00000000ef900000,0x00000000f1ff9670,0x00000000f2000000)
  to   space 78336K, 0% used [0x00000000f8680000,0x00000000f8680000,0x00000000fd300000)
 ParOldGen       total 317952K, used 175667K [0x0000000080000000, 0x0000000093680000, 0x00000000d5580000)
  object space 317952K, 55% used [0x0000000080000000,0x000000008ab8ce80,0x0000000093680000)
 Metaspace       used 94531K, capacity 99338K, committed 100904K, reserved 1136640K
  class space    used 12388K, capacity 13263K, committed 13632K, reserved 1048576K
}
Event: 27.654 GC heap before
{Heap before GC invocations=24 (full 4):
 PSYoungGen      total 469504K, used 469477K [0x00000000d5580000, 0x00000000fd300000, 0x0000000100000000)
  eden space 429568K, 100% used [0x00000000d5580000,0x00000000ef900000,0x00000000ef900000)
  from space 39936K, 99% used [0x00000000ef900000,0x00000000f1ff9670,0x00000000f2000000)
  to   space 78336K, 0% used [0x00000000f8680000,0x00000000f8680000,0x00000000fd300000)
 ParOldGen       total 317952K, used 175667K [0x0000000080000000, 0x0000000093680000, 0x00000000d5580000)
  object space 317952K, 55% used [0x0000000080000000,0x000000008ab8ce80,0x0000000093680000)
 Metaspace       used 99987K, capacity 104978K, committed 106280K, reserved 1140736K
  class space    used 13107K, capacity 14029K, committed 14400K, reserved 1048576K
Event: 27.719 GC heap after
Heap after GC invocations=24 (full 4):
 PSYoungGen      total 565760K, used 67010K [0x00000000d5580000, 0x00000000ff300000, 0x0000000100000000)
  eden space 487424K, 0% used [0x00000000d5580000,0x00000000d5580000,0x00000000f3180000)
  from space 78336K, 85% used [0x00000000f8680000,0x00000000fc7f0a30,0x00000000fd300000)
  to   space 87040K, 0% used [0x00000000f3180000,0x00000000f3180000,0x00000000f8680000)
 ParOldGen       total 317952K, used 175675K [0x0000000080000000, 0x0000000093680000, 0x00000000d5580000)
  object space 317952K, 55% used [0x0000000080000000,0x000000008ab8ee80,0x0000000093680000)
 Metaspace       used 99987K, capacity 104978K, committed 106280K, reserved 1140736K
  class space    used 13107K, capacity 14029K, committed 14400K, reserved 1048576K
}
Event: 260.013 GC heap before
{Heap before GC invocations=25 (full 4):
 PSYoungGen      total 565760K, used 554434K [0x00000000d5580000, 0x00000000ff300000, 0x0000000100000000)
  eden space 487424K, 100% used [0x00000000d5580000,0x00000000f3180000,0x00000000f3180000)
  from space 78336K, 85% used [0x00000000f8680000,0x00000000fc7f0a30,0x00000000fd300000)
  to   space 87040K, 0% used [0x00000000f3180000,0x00000000f3180000,0x00000000f8680000)
 ParOldGen       total 317952K, used 175675K [0x0000000080000000, 0x0000000093680000, 0x00000000d5580000)
  object space 317952K, 55% used [0x0000000080000000,0x000000008ab8ee80,0x0000000093680000)
 Metaspace       used 101936K, capacity 107292K, committed 107944K, reserved 1142784K
  class space    used 13288K, capacity 14294K, committed 14528K, reserved 1048576K
Event: 260.079 GC heap after
Heap after GC invocations=25 (full 4):
 PSYoungGen      total 574464K, used 68284K [0x00000000d5580000, 0x0000000100000000, 0x0000000100000000)
  eden space 487424K, 0% used [0x00000000d5580000,0x00000000d5580000,0x00000000f3180000)
  from space 87040K, 78% used [0x00000000f3180000,0x00000000f742f210,0x00000000f8680000)
  to   space 94720K, 0% used [0x00000000fa380000,0x00000000fa380000,0x0000000100000000)
 ParOldGen       total 317952K, used 175683K [0x0000000080000000, 0x0000000093680000, 0x00000000d5580000)
  object space 317952K, 55% used [0x0000000080000000,0x000000008ab90e80,0x0000000093680000)
 Metaspace       used 101936K, capacity 107292K, committed 107944K, reserved 1142784K
  class space    used 13288K, capacity 14294K, committed 14528K, reserved 1048576K
}
Event: 927.983 GC heap before
{Heap before GC invocations=26 (full 4):
 PSYoungGen      total 574464K, used 555708K [0x00000000d5580000, 0x0000000100000000, 0x0000000100000000)
  eden space 487424K, 100% used [0x00000000d5580000,0x00000000f3180000,0x00000000f3180000)
  from space 87040K, 78% used [0x00000000f3180000,0x00000000f742f210,0x00000000f8680000)
  to   space 94720K, 0% used [0x00000000fa380000,0x00000000fa380000,0x0000000100000000)
 ParOldGen       total 317952K, used 175683K [0x0000000080000000, 0x0000000093680000, 0x00000000d5580000)
  object space 317952K, 55% used [0x0000000080000000,0x000000008ab90e80,0x0000000093680000)
 Metaspace       used 103045K, capacity 108594K, committed 108968K, reserved 1144832K
  class space    used 13368K, capacity 14367K, committed 14528K, reserved 1048576K
Event: 928.026 GC heap after
Heap after GC invocations=26 (full 4):
 PSYoungGen      total 591872K, used 69897K [0x00000000d5580000, 0x0000000100000000, 0x0000000100000000)
  eden space 497152K, 0% used [0x00000000d5580000,0x00000000d5580000,0x00000000f3b00000)
  from space 94720K, 73% used [0x00000000fa380000,0x00000000fe7c2418,0x0000000100000000)
  to   space 100864K, 0% used [0x00000000f3b00000,0x00000000f3b00000,0x00000000f9d80000)
 ParOldGen       total 317952K, used 175691K [0x0000000080000000, 0x0000000093680000, 0x00000000d5580000)
  object space 317952K, 55% used [0x0000000080000000,0x000000008ab92e80,0x0000000093680000)
 Metaspace       used 103045K, capacity 108594K, committed 108968K, reserved 1144832K
  class space    used 13368K, capacity 14367K, committed 14528K, reserved 1048576K
}

