# JRE version: OpenJDK Runtime Environment (8.0_242-b01) (build 1.8.0_242-release-1644-b01)
# Java VM: OpenJDK 64-Bit Server VM (25.242-b01 mixed mode windows-amd64 compressed oops)
Heap:
 PSYoungGen      total 373760K, used 226767K [0x00000000d5580000, 0x00000000f3880000, 0x0000000100000000)
  eden space 323584K, 70% used [0x00000000d5580000,0x00000000e32f3d80,0x00000000e9180000)
  from space 50176K, 0% used [0x00000000ed900000,0x00000000ed900000,0x00000000f0a00000)
  to   space 73216K, 0% used [0x00000000e9180000,0x00000000e9180000,0x00000000ed900000)
 ParOldGen       total 434688K, used 177359K [0x0000000080000000, 0x000000009a880000, 0x00000000d5580000)
  object space 434688K, 40% used [0x0000000080000000,0x000000008ad33f48,0x000000009a880000)
 Metaspace       used 86931K, capacity 90866K, committed 91672K, reserved 1128448K
  class space    used 11885K, capacity 12627K, committed 12848K, reserved 1048576K
GC Heap History (10 events):
Event: 9.450 GC heap before
{Heap before GC invocations=14 (full 3):
 PSYoungGen      total 246272K, used 227840K [0x00000000d5580000, 0x00000000e8300000, 0x0000000100000000)
  eden space 227840K, 100% used [0x00000000d5580000,0x00000000e3400000,0x00000000e3400000)
  from space 18432K, 0% used [0x00000000e4680000,0x00000000e4680000,0x00000000e5880000)
  to   space 18944K, 0% used [0x00000000e3400000,0x00000000e3400000,0x00000000e4680000)
 ParOldGen       total 204288K, used 41301K [0x0000000080000000, 0x000000008c780000, 0x00000000d5580000)
  object space 204288K, 20% used [0x0000000080000000,0x0000000082855578,0x000000008c780000)
 Metaspace       used 66468K, capacity 69644K, committed 69784K, reserved 1110016K
  class space    used 9158K, capacity 9813K, committed 9904K, reserved 1048576K
Event: 9.461 GC heap after
Heap after GC invocations=14 (full 3):
 PSYoungGen      total 246784K, used 18919K [0x00000000d5580000, 0x00000000e8c80000, 0x0000000100000000)
  eden space 227840K, 0% used [0x00000000d5580000,0x00000000d5580000,0x00000000e3400000)
  from space 18944K, 99% used [0x00000000e3400000,0x00000000e4679f88,0x00000000e4680000)
  to   space 22016K, 0% used [0x00000000e7700000,0x00000000e7700000,0x00000000e8c80000)
 ParOldGen       total 204288K, used 43794K [0x0000000080000000, 0x000000008c780000, 0x00000000d5580000)
  object space 204288K, 21% used [0x0000000080000000,0x0000000082ac4bc8,0x000000008c780000)
 Metaspace       used 66468K, capacity 69644K, committed 69784K, reserved 1110016K
  class space    used 9158K, capacity 9813K, committed 9904K, reserved 1048576K
}
Event: 10.742 GC heap before
{Heap before GC invocations=15 (full 3):
 PSYoungGen      total 246784K, used 246759K [0x00000000d5580000, 0x00000000e8c80000, 0x0000000100000000)
  eden space 227840K, 100% used [0x00000000d5580000,0x00000000e3400000,0x00000000e3400000)
  from space 18944K, 99% used [0x00000000e3400000,0x00000000e4679f88,0x00000000e4680000)
  to   space 22016K, 0% used [0x00000000e7700000,0x00000000e7700000,0x00000000e8c80000)
 ParOldGen       total 204288K, used 43794K [0x0000000080000000, 0x000000008c780000, 0x00000000d5580000)
  object space 204288K, 21% used [0x0000000080000000,0x0000000082ac4bc8,0x000000008c780000)
 Metaspace       used 71483K, capacity 74842K, committed 74904K, reserved 1114112K
  class space    used 9758K, capacity 10396K, committed 10416K, reserved 1048576K
Event: 10.759 GC heap after
Heap after GC invocations=15 (full 3):
 PSYoungGen      total 292352K, used 14929K [0x00000000d5580000, 0x00000000e8a80000, 0x0000000100000000)
  eden space 272384K, 0% used [0x00000000d5580000,0x00000000d5580000,0x00000000e5f80000)
  from space 19968K, 74% used [0x00000000e7700000,0x00000000e8594718,0x00000000e8a80000)
  to   space 22016K, 0% used [0x00000000e5f80000,0x00000000e5f80000,0x00000000e7500000)
 ParOldGen       total 204288K, used 57984K [0x0000000080000000, 0x000000008c780000, 0x00000000d5580000)
  object space 204288K, 28% used [0x0000000080000000,0x00000000838a0208,0x000000008c780000)
 Metaspace       used 71483K, capacity 74842K, committed 74904K, reserved 1114112K
  class space    used 9758K, capacity 10396K, committed 10416K, reserved 1048576K
}
Event: 11.461 GC heap before
{Heap before GC invocations=16 (full 3):
 PSYoungGen      total 292352K, used 287313K [0x00000000d5580000, 0x00000000e8a80000, 0x0000000100000000)
  eden space 272384K, 100% used [0x00000000d5580000,0x00000000e5f80000,0x00000000e5f80000)
  from space 19968K, 74% used [0x00000000e7700000,0x00000000e8594718,0x00000000e8a80000)
  to   space 22016K, 0% used [0x00000000e5f80000,0x00000000e5f80000,0x00000000e7500000)
 ParOldGen       total 204288K, used 57984K [0x0000000080000000, 0x000000008c780000, 0x00000000d5580000)
  object space 204288K, 28% used [0x0000000080000000,0x00000000838a0208,0x000000008c780000)
 Metaspace       used 76852K, capacity 80544K, committed 80664K, reserved 1118208K
  class space    used 10596K, capacity 11279K, committed 11312K, reserved 1048576K
Event: 11.508 GC heap after
Heap after GC invocations=16 (full 3):
 PSYoungGen      total 294400K, used 21987K [0x00000000d5580000, 0x00000000f0a00000, 0x0000000100000000)
  eden space 272384K, 0% used [0x00000000d5580000,0x00000000d5580000,0x00000000e5f80000)
  from space 22016K, 99% used [0x00000000e5f80000,0x00000000e74f8fc8,0x00000000e7500000)
  to   space 50176K, 0% used [0x00000000ed900000,0x00000000ed900000,0x00000000f0a00000)
 ParOldGen       total 204288K, used 126823K [0x0000000080000000, 0x000000008c780000, 0x00000000d5580000)
  object space 204288K, 62% used [0x0000000080000000,0x0000000087bd9df8,0x000000008c780000)
 Metaspace       used 76852K, capacity 80544K, committed 80664K, reserved 1118208K
  class space    used 10596K, capacity 11279K, committed 11312K, reserved 1048576K
}
Event: 13.272 GC heap before
{Heap before GC invocations=17 (full 3):
 PSYoungGen      total 294400K, used 294371K [0x00000000d5580000, 0x00000000f0a00000, 0x0000000100000000)
  eden space 272384K, 100% used [0x00000000d5580000,0x00000000e5f80000,0x00000000e5f80000)
  from space 22016K, 99% used [0x00000000e5f80000,0x00000000e74f8fc8,0x00000000e7500000)
  to   space 50176K, 0% used [0x00000000ed900000,0x00000000ed900000,0x00000000f0a00000)
 ParOldGen       total 204288K, used 126823K [0x0000000080000000, 0x000000008c780000, 0x00000000d5580000)
  object space 204288K, 62% used [0x0000000080000000,0x0000000087bd9df8,0x000000008c780000)
 Metaspace       used 82056K, capacity 86368K, committed 86552K, reserved 1124352K
  class space    used 11278K, capacity 12068K, committed 12080K, reserved 1048576K
Event: 13.330 GC heap after
Heap after GC invocations=17 (full 3):
 PSYoungGen      total 373760K, used 50163K [0x00000000d5580000, 0x00000000f3880000, 0x0000000100000000)
  eden space 323584K, 0% used [0x00000000d5580000,0x00000000d5580000,0x00000000e9180000)
  from space 50176K, 99% used [0x00000000ed900000,0x00000000f09fcfa8,0x00000000f0a00000)
  to   space 73216K, 0% used [0x00000000e9180000,0x00000000e9180000,0x00000000ed900000)
 ParOldGen       total 204288K, used 167225K [0x0000000080000000, 0x000000008c780000, 0x00000000d5580000)
  object space 204288K, 81% used [0x0000000080000000,0x000000008a34e610,0x000000008c780000)
 Metaspace       used 82056K, capacity 86368K, committed 86552K, reserved 1124352K
  class space    used 11278K, capacity 12068K, committed 12080K, reserved 1048576K
}
Event: 13.330 GC heap before
{Heap before GC invocations=18 (full 4):
 PSYoungGen      total 373760K, used 50163K [0x00000000d5580000, 0x00000000f3880000, 0x0000000100000000)
  eden space 323584K, 0% used [0x00000000d5580000,0x00000000d5580000,0x00000000e9180000)
  from space 50176K, 99% used [0x00000000ed900000,0x00000000f09fcfa8,0x00000000f0a00000)
  to   space 73216K, 0% used [0x00000000e9180000,0x00000000e9180000,0x00000000ed900000)
 ParOldGen       total 204288K, used 167225K [0x0000000080000000, 0x000000008c780000, 0x00000000d5580000)
  object space 204288K, 81% used [0x0000000080000000,0x000000008a34e610,0x000000008c780000)
 Metaspace       used 82056K, capacity 86368K, committed 86552K, reserved 1124352K
  class space    used 11278K, capacity 12068K, committed 12080K, reserved 1048576K
Event: 13.825 GC heap after
Heap after GC invocations=18 (full 4):
 PSYoungGen      total 373760K, used 0K [0x00000000d5580000, 0x00000000f3880000, 0x0000000100000000)
  eden space 323584K, 0% used [0x00000000d5580000,0x00000000d5580000,0x00000000e9180000)
  from space 50176K, 0% used [0x00000000ed900000,0x00000000ed900000,0x00000000f0a00000)
  to   space 73216K, 0% used [0x00000000e9180000,0x00000000e9180000,0x00000000ed900000)
 ParOldGen       total 434688K, used 177359K [0x0000000080000000, 0x000000009a880000, 0x00000000d5580000)
  object space 434688K, 40% used [0x0000000080000000,0x000000008ad33f48,0x000000009a880000)
 Metaspace       used 81801K, capacity 85624K, committed 86552K, reserved 1124352K
  class space    used 11194K, capacity 11918K, committed 12080K, reserved 1048576K
}

