# JRE version: OpenJDK Runtime Environment (8.0_242-b01) (build 1.8.0_242-release-1644-b01)
# Java VM: OpenJDK 64-Bit Server VM (25.242-b01 mixed mode windows-amd64 compressed oops)
Heap:
 PSYoungGen      total 596480K, used 231891K [0x00000000d5580000, 0x00000000ff900000, 0x0000000100000000)
  eden space 507392K, 43% used [0x00000000d5580000,0x00000000e2ed48d0,0x00000000f4500000)
  from space 89088K, 10% used [0x00000000fa200000,0x00000000fab205a8,0x00000000ff900000)
  to   space 92160K, 0% used [0x00000000f4500000,0x00000000f4500000,0x00000000f9f00000)
 ParOldGen       total 287232K, used 196579K [0x0000000080000000, 0x0000000091880000, 0x00000000d5580000)
  object space 287232K, 68% used [0x0000000080000000,0x000000008bff8c58,0x0000000091880000)
 Metaspace       used 106287K, capacity 113484K, committed 113892K, reserved 1148928K
  class space    used 13758K, capacity 14986K, committed 15100K, reserved 1048576K
GC Heap History (10 events):
Event: 5431.880 GC heap before
{Heap before GC invocations=33 (full 5):
 PSYoungGen      total 526848K, used 485440K [0x00000000d5580000, 0x00000000fbf00000, 0x0000000100000000)
  eden space 470016K, 100% used [0x00000000d5580000,0x00000000f2080000,0x00000000f2080000)
  from space 56832K, 27% used [0x00000000f2080000,0x00000000f2f90090,0x00000000f5800000)
  to   space 53760K, 0% used [0x00000000f8a80000,0x00000000f8a80000,0x00000000fbf00000)
 ParOldGen       total 287232K, used 57216K [0x0000000080000000, 0x0000000091880000, 0x00000000d5580000)
  object space 287232K, 19% used [0x0000000080000000,0x00000000837e0068,0x0000000091880000)
 Metaspace       used 105761K, capacity 112794K, committed 113380K, reserved 1146880K
  class space    used 13731K, capacity 14965K, committed 15100K, reserved 1048576K
Event: 5431.949 GC heap after
Heap after GC invocations=33 (full 5):
 PSYoungGen      total 565248K, used 53755K [0x00000000d5580000, 0x00000000ff180000, 0x0000000100000000)
  eden space 511488K, 0% used [0x00000000d5580000,0x00000000d5580000,0x00000000f4900000)
  from space 53760K, 99% used [0x00000000f8a80000,0x00000000fbefecf0,0x00000000fbf00000)
  to   space 67072K, 0% used [0x00000000f4900000,0x00000000f4900000,0x00000000f8a80000)
 ParOldGen       total 287232K, used 67950K [0x0000000080000000, 0x0000000091880000, 0x00000000d5580000)
  object space 287232K, 23% used [0x0000000080000000,0x000000008425bad0,0x0000000091880000)
 Metaspace       used 105761K, capacity 112794K, committed 113380K, reserved 1146880K
  class space    used 13731K, capacity 14965K, committed 15100K, reserved 1048576K
}
Event: 5432.432 GC heap before
{Heap before GC invocations=34 (full 5):
 PSYoungGen      total 565248K, used 565243K [0x00000000d5580000, 0x00000000ff180000, 0x0000000100000000)
  eden space 511488K, 100% used [0x00000000d5580000,0x00000000f4900000,0x00000000f4900000)
  from space 53760K, 99% used [0x00000000f8a80000,0x00000000fbefecf0,0x00000000fbf00000)
  to   space 67072K, 0% used [0x00000000f4900000,0x00000000f4900000,0x00000000f8a80000)
 ParOldGen       total 287232K, used 67953K [0x0000000080000000, 0x0000000091880000, 0x00000000d5580000)
  object space 287232K, 23% used [0x0000000080000000,0x000000008425c480,0x0000000091880000)
 Metaspace       used 105978K, capacity 113088K, committed 113636K, reserved 1148928K
  class space    used 13746K, capacity 14978K, committed 15100K, reserved 1048576K
Event: 5432.643 GC heap after
Heap after GC invocations=34 (full 5):
 PSYoungGen      total 578560K, used 67054K [0x00000000d5580000, 0x0000000100000000, 0x0000000100000000)
  eden space 511488K, 0% used [0x00000000d5580000,0x00000000d5580000,0x00000000f4900000)
  from space 67072K, 99% used [0x00000000f4900000,0x00000000f8a7ba08,0x00000000f8a80000)
  to   space 94208K, 0% used [0x00000000fa400000,0x00000000fa400000,0x0000000100000000)
 ParOldGen       total 287232K, used 109698K [0x0000000080000000, 0x0000000091880000, 0x00000000d5580000)
  object space 287232K, 38% used [0x0000000080000000,0x0000000086b20930,0x0000000091880000)
 Metaspace       used 105978K, capacity 113088K, committed 113636K, reserved 1148928K
  class space    used 13746K, capacity 14978K, committed 15100K, reserved 1048576K
}
Event: 5433.337 GC heap before
{Heap before GC invocations=35 (full 5):
 PSYoungGen      total 578560K, used 578542K [0x00000000d5580000, 0x0000000100000000, 0x0000000100000000)
  eden space 511488K, 100% used [0x00000000d5580000,0x00000000f4900000,0x00000000f4900000)
  from space 67072K, 99% used [0x00000000f4900000,0x00000000f8a7ba08,0x00000000f8a80000)
  to   space 94208K, 0% used [0x00000000fa400000,0x00000000fa400000,0x0000000100000000)
 ParOldGen       total 287232K, used 109698K [0x0000000080000000, 0x0000000091880000, 0x00000000d5580000)
  object space 287232K, 38% used [0x0000000080000000,0x0000000086b20930,0x0000000091880000)
 Metaspace       used 106150K, capacity 113328K, committed 113892K, reserved 1148928K
  class space    used 13750K, capacity 14982K, committed 15100K, reserved 1048576K
Event: 5433.481 GC heap after
Heap after GC invocations=35 (full 5):
 PSYoungGen      total 599552K, used 55861K [0x00000000d5580000, 0x0000000100000000, 0x0000000100000000)
  eden space 505344K, 0% used [0x00000000d5580000,0x00000000d5580000,0x00000000f4300000)
  from space 94208K, 59% used [0x00000000fa400000,0x00000000fda8d720,0x0000000100000000)
  to   space 96768K, 0% used [0x00000000f4300000,0x00000000f4300000,0x00000000fa180000)
 ParOldGen       total 287232K, used 136674K [0x0000000080000000, 0x0000000091880000, 0x00000000d5580000)
  object space 287232K, 47% used [0x0000000080000000,0x0000000088578a60,0x0000000091880000)
 Metaspace       used 106150K, capacity 113328K, committed 113892K, reserved 1148928K
  class space    used 13750K, capacity 14982K, committed 15100K, reserved 1048576K
}
Event: 5434.184 GC heap before
{Heap before GC invocations=36 (full 5):
 PSYoungGen      total 599552K, used 561205K [0x00000000d5580000, 0x0000000100000000, 0x0000000100000000)
  eden space 505344K, 100% used [0x00000000d5580000,0x00000000f4300000,0x00000000f4300000)
  from space 94208K, 59% used [0x00000000fa400000,0x00000000fda8d720,0x0000000100000000)
  to   space 96768K, 0% used [0x00000000f4300000,0x00000000f4300000,0x00000000fa180000)
 ParOldGen       total 287232K, used 136674K [0x0000000080000000, 0x0000000091880000, 0x00000000d5580000)
  object space 287232K, 47% used [0x0000000080000000,0x0000000088578a60,0x0000000091880000)
 Metaspace       used 106218K, capacity 113404K, committed 113892K, reserved 1148928K
  class space    used 13751K, capacity 14984K, committed 15100K, reserved 1048576K
Event: 5434.281 GC heap after
Heap after GC invocations=36 (full 5):
 PSYoungGen      total 602112K, used 10317K [0x00000000d5580000, 0x00000000ffe80000, 0x0000000100000000)
  eden space 505344K, 0% used [0x00000000d5580000,0x00000000d5580000,0x00000000f4300000)
  from space 96768K, 10% used [0x00000000f4300000,0x00000000f4d136c0,0x00000000fa180000)
  to   space 94720K, 0% used [0x00000000fa200000,0x00000000fa200000,0x00000000ffe80000)
 ParOldGen       total 287232K, used 188355K [0x0000000080000000, 0x0000000091880000, 0x00000000d5580000)
  object space 287232K, 65% used [0x0000000080000000,0x000000008b7f0c58,0x0000000091880000)
 Metaspace       used 106218K, capacity 113404K, committed 113892K, reserved 1148928K
  class space    used 13751K, capacity 14984K, committed 15100K, reserved 1048576K
}
Event: 5434.784 GC heap before
{Heap before GC invocations=37 (full 5):
 PSYoungGen      total 602112K, used 515661K [0x00000000d5580000, 0x00000000ffe80000, 0x0000000100000000)
  eden space 505344K, 100% used [0x00000000d5580000,0x00000000f4300000,0x00000000f4300000)
  from space 96768K, 10% used [0x00000000f4300000,0x00000000f4d136c0,0x00000000fa180000)
  to   space 94720K, 0% used [0x00000000fa200000,0x00000000fa200000,0x00000000ffe80000)
 ParOldGen       total 287232K, used 188355K [0x0000000080000000, 0x0000000091880000, 0x00000000d5580000)
  object space 287232K, 65% used [0x0000000080000000,0x000000008b7f0c58,0x0000000091880000)
 Metaspace       used 106256K, capacity 113420K, committed 113892K, reserved 1148928K
  class space    used 13758K, capacity 14986K, committed 15100K, reserved 1048576K
Event: 5434.800 GC heap after
Heap after GC invocations=37 (full 5):
 PSYoungGen      total 596480K, used 9345K [0x00000000d5580000, 0x00000000ff900000, 0x0000000100000000)
  eden space 507392K, 0% used [0x00000000d5580000,0x00000000d5580000,0x00000000f4500000)
  from space 89088K, 10% used [0x00000000fa200000,0x00000000fab205a8,0x00000000ff900000)
  to   space 92160K, 0% used [0x00000000f4500000,0x00000000f4500000,0x00000000f9f00000)
 ParOldGen       total 287232K, used 196579K [0x0000000080000000, 0x0000000091880000, 0x00000000d5580000)
  object space 287232K, 68% used [0x0000000080000000,0x000000008bff8c58,0x0000000091880000)
 Metaspace       used 106256K, capacity 113420K, committed 113892K, reserved 1148928K
  class space    used 13758K, capacity 14986K, committed 15100K, reserved 1048576K
}

