# JRE version: OpenJDK Runtime Environment (8.0_242-b01) (build 1.8.0_242-release-1644-b01)
# Java VM: OpenJDK 64-Bit Server VM (25.242-b01 mixed mode windows-amd64 compressed oops)
Heap:
 PSYoungGen      total 391680K, used 262350K [0x00000000d5580000, 0x00000000eee80000, 0x0000000100000000)
  eden space 372224K, 70% used [0x00000000d5580000,0x00000000e55b3bb0,0x00000000ec100000)
  from space 19456K, 0% used [0x00000000edb80000,0x00000000edb80000,0x00000000eee80000)
  to   space 23040K, 0% used [0x00000000ec180000,0x00000000ec180000,0x00000000ed800000)
 ParOldGen       total 175104K, used 35449K [0x0000000080000000, 0x000000008ab00000, 0x00000000d5580000)
  object space 175104K, 20% used [0x0000000080000000,0x000000008229e710,0x000000008ab00000)
 Metaspace       used 69871K, capacity 72994K, committed 73048K, reserved 1112064K
  class space    used 9467K, capacity 10085K, committed 10112K, reserved 1048576K
GC Heap History (10 events):
Event: 7.782 GC heap before
{Heap before GC invocations=7 (full 1):
 PSYoungGen      total 140800K, used 51799K [0x00000000d5580000, 0x00000000e5d80000, 0x0000000100000000)
  eden space 130048K, 31% used [0x00000000d5580000,0x00000000d7d97388,0x00000000dd480000)
  from space 10752K, 99% used [0x00000000dd480000,0x00000000ddefe958,0x00000000ddf00000)
  to   space 15360K, 0% used [0x00000000e4e80000,0x00000000e4e80000,0x00000000e5d80000)
 ParOldGen       total 81920K, used 9815K [0x0000000080000000, 0x0000000085000000, 0x00000000d5580000)
  object space 81920K, 11% used [0x0000000080000000,0x0000000080995fe8,0x0000000085000000)
 Metaspace       used 34023K, capacity 35282K, committed 35416K, reserved 1079296K
  class space    used 4607K, capacity 4912K, committed 4992K, reserved 1048576K
Event: 7.792 GC heap after
Heap after GC invocations=7 (full 1):
 PSYoungGen      total 254976K, used 9702K [0x00000000d5580000, 0x00000000e5c80000, 0x0000000100000000)
  eden space 240640K, 0% used [0x00000000d5580000,0x00000000d5580000,0x00000000e4080000)
  from space 14336K, 67% used [0x00000000e4e80000,0x00000000e57f9b40,0x00000000e5c80000)
  to   space 14336K, 0% used [0x00000000e4080000,0x00000000e4080000,0x00000000e4e80000)
 ParOldGen       total 81920K, used 9823K [0x0000000080000000, 0x0000000085000000, 0x00000000d5580000)
  object space 81920K, 11% used [0x0000000080000000,0x0000000080997fe8,0x0000000085000000)
 Metaspace       used 34023K, capacity 35282K, committed 35416K, reserved 1079296K
  class space    used 4607K, capacity 4912K, committed 4992K, reserved 1048576K
}
Event: 7.792 GC heap before
{Heap before GC invocations=8 (full 2):
 PSYoungGen      total 254976K, used 9702K [0x00000000d5580000, 0x00000000e5c80000, 0x0000000100000000)
  eden space 240640K, 0% used [0x00000000d5580000,0x00000000d5580000,0x00000000e4080000)
  from space 14336K, 67% used [0x00000000e4e80000,0x00000000e57f9b40,0x00000000e5c80000)
  to   space 14336K, 0% used [0x00000000e4080000,0x00000000e4080000,0x00000000e4e80000)
 ParOldGen       total 81920K, used 9823K [0x0000000080000000, 0x0000000085000000, 0x00000000d5580000)
  object space 81920K, 11% used [0x0000000080000000,0x0000000080997fe8,0x0000000085000000)
 Metaspace       used 34023K, capacity 35282K, committed 35416K, reserved 1079296K
  class space    used 4607K, capacity 4912K, committed 4992K, reserved 1048576K
Event: 7.837 GC heap after
Heap after GC invocations=8 (full 2):
 PSYoungGen      total 254976K, used 0K [0x00000000d5580000, 0x00000000e5c80000, 0x0000000100000000)
  eden space 240640K, 0% used [0x00000000d5580000,0x00000000d5580000,0x00000000e4080000)
  from space 14336K, 0% used [0x00000000e4e80000,0x00000000e4e80000,0x00000000e5c80000)
  to   space 14336K, 0% used [0x00000000e4080000,0x00000000e4080000,0x00000000e4e80000)
 ParOldGen       total 119296K, used 16211K [0x0000000080000000, 0x0000000087480000, 0x00000000d5580000)
  object space 119296K, 13% used [0x0000000080000000,0x0000000080fd4fc0,0x0000000087480000)
 Metaspace       used 34023K, capacity 35282K, committed 35416K, reserved 1079296K
  class space    used 4607K, capacity 4912K, committed 4992K, reserved 1048576K
}
Event: 10.279 GC heap before
{Heap before GC invocations=9 (full 2):
 PSYoungGen      total 254976K, used 240640K [0x00000000d5580000, 0x00000000e5c80000, 0x0000000100000000)
  eden space 240640K, 100% used [0x00000000d5580000,0x00000000e4080000,0x00000000e4080000)
  from space 14336K, 0% used [0x00000000e4e80000,0x00000000e4e80000,0x00000000e5c80000)
  to   space 14336K, 0% used [0x00000000e4080000,0x00000000e4080000,0x00000000e4e80000)
 ParOldGen       total 119296K, used 16211K [0x0000000080000000, 0x0000000087480000, 0x00000000d5580000)
  object space 119296K, 13% used [0x0000000080000000,0x0000000080fd4fc0,0x0000000087480000)
 Metaspace       used 48317K, capacity 50410K, committed 50648K, reserved 1093632K
  class space    used 6436K, capacity 6873K, committed 6912K, reserved 1048576K
Event: 10.293 GC heap after
Heap after GC invocations=9 (full 2):
 PSYoungGen      total 254976K, used 14322K [0x00000000d5580000, 0x00000000eee80000, 0x0000000100000000)
  eden space 240640K, 0% used [0x00000000d5580000,0x00000000d5580000,0x00000000e4080000)
  from space 14336K, 99% used [0x00000000e4080000,0x00000000e4e7caf0,0x00000000e4e80000)
  to   space 19456K, 0% used [0x00000000edb80000,0x00000000edb80000,0x00000000eee80000)
 ParOldGen       total 119296K, used 22890K [0x0000000080000000, 0x0000000087480000, 0x00000000d5580000)
  object space 119296K, 19% used [0x0000000080000000,0x000000008165a968,0x0000000087480000)
 Metaspace       used 48317K, capacity 50410K, committed 50648K, reserved 1093632K
  class space    used 6436K, capacity 6873K, committed 6912K, reserved 1048576K
}
Event: 11.131 GC heap before
{Heap before GC invocations=10 (full 2):
 PSYoungGen      total 254976K, used 112075K [0x00000000d5580000, 0x00000000eee80000, 0x0000000100000000)
  eden space 240640K, 40% used [0x00000000d5580000,0x00000000db4f6238,0x00000000e4080000)
  from space 14336K, 99% used [0x00000000e4080000,0x00000000e4e7caf0,0x00000000e4e80000)
  to   space 19456K, 0% used [0x00000000edb80000,0x00000000edb80000,0x00000000eee80000)
 ParOldGen       total 119296K, used 22890K [0x0000000080000000, 0x0000000087480000, 0x00000000d5580000)
  object space 119296K, 19% used [0x0000000080000000,0x000000008165a968,0x0000000087480000)
 Metaspace       used 56648K, capacity 58884K, committed 59028K, reserved 1099776K
  class space    used 7446K, capacity 7872K, committed 7936K, reserved 1048576K
Event: 11.142 GC heap after
Heap after GC invocations=10 (full 2):
 PSYoungGen      total 391680K, used 19446K [0x00000000d5580000, 0x00000000eee80000, 0x0000000100000000)
  eden space 372224K, 0% used [0x00000000d5580000,0x00000000d5580000,0x00000000ec100000)
  from space 19456K, 99% used [0x00000000edb80000,0x00000000eee7da70,0x00000000eee80000)
  to   space 23040K, 0% used [0x00000000ec180000,0x00000000ec180000,0x00000000ed800000)
 ParOldGen       total 119296K, used 24891K [0x0000000080000000, 0x0000000087480000, 0x00000000d5580000)
  object space 119296K, 20% used [0x0000000080000000,0x000000008184ef10,0x0000000087480000)
 Metaspace       used 56648K, capacity 58884K, committed 59028K, reserved 1099776K
  class space    used 7446K, capacity 7872K, committed 7936K, reserved 1048576K
}
Event: 11.142 GC heap before
{Heap before GC invocations=11 (full 3):
 PSYoungGen      total 391680K, used 19446K [0x00000000d5580000, 0x00000000eee80000, 0x0000000100000000)
  eden space 372224K, 0% used [0x00000000d5580000,0x00000000d5580000,0x00000000ec100000)
  from space 19456K, 99% used [0x00000000edb80000,0x00000000eee7da70,0x00000000eee80000)
  to   space 23040K, 0% used [0x00000000ec180000,0x00000000ec180000,0x00000000ed800000)
 ParOldGen       total 119296K, used 24891K [0x0000000080000000, 0x0000000087480000, 0x00000000d5580000)
  object space 119296K, 20% used [0x0000000080000000,0x000000008184ef10,0x0000000087480000)
 Metaspace       used 56648K, capacity 58884K, committed 59028K, reserved 1099776K
  class space    used 7446K, capacity 7872K, committed 7936K, reserved 1048576K
Event: 11.286 GC heap after
Heap after GC invocations=11 (full 3):
 PSYoungGen      total 391680K, used 0K [0x00000000d5580000, 0x00000000eee80000, 0x0000000100000000)
  eden space 372224K, 0% used [0x00000000d5580000,0x00000000d5580000,0x00000000ec100000)
  from space 19456K, 0% used [0x00000000edb80000,0x00000000edb80000,0x00000000eee80000)
  to   space 23040K, 0% used [0x00000000ec180000,0x00000000ec180000,0x00000000ed800000)
 ParOldGen       total 175104K, used 35449K [0x0000000080000000, 0x000000008ab00000, 0x00000000d5580000)
  object space 175104K, 20% used [0x0000000080000000,0x000000008229e710,0x000000008ab00000)
 Metaspace       used 56623K, capacity 58818K, committed 59028K, reserved 1099776K
  class space    used 7438K, capacity 7859K, committed 7936K, reserved 1048576K
}

