# JRE version: OpenJDK Runtime Environment (8.0_242-b01) (build 1.8.0_242-release-1644-b01)
# Java VM: OpenJDK 64-Bit Server VM (25.242-b01 mixed mode windows-amd64 compressed oops)
Heap:
 PSYoungGen      total 254464K, used 86873K [0x00000000d5580000, 0x00000000e8180000, 0x0000000100000000)
  eden space 235520K, 36% used [0x00000000d5580000,0x00000000daa56798,0x00000000e3b80000)
  from space 18944K, 0% used [0x00000000e4e80000,0x00000000e4e80000,0x00000000e6100000)
  to   space 19456K, 0% used [0x00000000e3b80000,0x00000000e3b80000,0x00000000e4e80000)
 ParOldGen       total 192000K, used 33923K [0x0000000080000000, 0x000000008bb80000, 0x00000000d5580000)
  object space 192000K, 17% used [0x0000000080000000,0x0000000082120d88,0x000000008bb80000)
 Metaspace       used 60879K, capacity 63440K, committed 63704K, reserved 1103872K
  class space    used 8072K, capacity 8614K, committed 8704K, reserved 1048576K
GC Heap History (10 events):
Event: 8.173 GC heap before
{Heap before GC invocations=9 (full 2):
 PSYoungGen      total 126976K, used 8694K [0x00000000d5580000, 0x00000000e3300000, 0x0000000100000000)
  eden space 113664K, 0% used [0x00000000d5580000,0x00000000d5580000,0x00000000dc480000)
  from space 13312K, 65% used [0x00000000dc480000,0x00000000dccfd990,0x00000000dd180000)
  to   space 12800K, 0% used [0x00000000e2680000,0x00000000e2680000,0x00000000e3300000)
 ParOldGen       total 87040K, used 7227K [0x0000000080000000, 0x0000000085500000, 0x00000000d5580000)
  object space 87040K, 8% used [0x0000000080000000,0x000000008070ec58,0x0000000085500000)
 Metaspace       used 34265K, capacity 35374K, committed 35456K, reserved 1079296K
  class space    used 4635K, capacity 4925K, committed 4992K, reserved 1048576K
Event: 8.207 GC heap after
Heap after GC invocations=9 (full 2):
 PSYoungGen      total 126976K, used 0K [0x00000000d5580000, 0x00000000e3300000, 0x0000000100000000)
  eden space 113664K, 0% used [0x00000000d5580000,0x00000000d5580000,0x00000000dc480000)
  from space 13312K, 0% used [0x00000000dc480000,0x00000000dc480000,0x00000000dd180000)
  to   space 12800K, 0% used [0x00000000e2680000,0x00000000e2680000,0x00000000e3300000)
 ParOldGen       total 128000K, used 15304K [0x0000000080000000, 0x0000000087d00000, 0x00000000d5580000)
  object space 128000K, 11% used [0x0000000080000000,0x0000000080ef21b0,0x0000000087d00000)
 Metaspace       used 34265K, capacity 35374K, committed 35456K, reserved 1079296K
  class space    used 4635K, capacity 4925K, committed 4992K, reserved 1048576K
}
Event: 9.199 GC heap before
{Heap before GC invocations=10 (full 2):
 PSYoungGen      total 126976K, used 113664K [0x00000000d5580000, 0x00000000e3300000, 0x0000000100000000)
  eden space 113664K, 100% used [0x00000000d5580000,0x00000000dc480000,0x00000000dc480000)
  from space 13312K, 0% used [0x00000000dc480000,0x00000000dc480000,0x00000000dd180000)
  to   space 12800K, 0% used [0x00000000e2680000,0x00000000e2680000,0x00000000e3300000)
 ParOldGen       total 128000K, used 15304K [0x0000000080000000, 0x0000000087d00000, 0x00000000d5580000)
  object space 128000K, 11% used [0x0000000080000000,0x0000000080ef21b0,0x0000000087d00000)
 Metaspace       used 40455K, capacity 42216K, committed 42496K, reserved 1085440K
  class space    used 5468K, capacity 5843K, committed 5888K, reserved 1048576K
Event: 9.209 GC heap after
Heap after GC invocations=10 (full 2):
 PSYoungGen      total 189952K, used 11802K [0x00000000d5580000, 0x00000000e3280000, 0x0000000100000000)
  eden space 177664K, 0% used [0x00000000d5580000,0x00000000d5580000,0x00000000e0300000)
  from space 12288K, 96% used [0x00000000e2680000,0x00000000e3206a70,0x00000000e3280000)
  to   space 13824K, 0% used [0x00000000e1780000,0x00000000e1780000,0x00000000e2500000)
 ParOldGen       total 128000K, used 15312K [0x0000000080000000, 0x0000000087d00000, 0x00000000d5580000)
  object space 128000K, 11% used [0x0000000080000000,0x0000000080ef41b0,0x0000000087d00000)
 Metaspace       used 40455K, capacity 42216K, committed 42496K, reserved 1085440K
  class space    used 5468K, capacity 5843K, committed 5888K, reserved 1048576K
}
Event: 10.599 GC heap before
{Heap before GC invocations=11 (full 2):
 PSYoungGen      total 189952K, used 189466K [0x00000000d5580000, 0x00000000e3280000, 0x0000000100000000)
  eden space 177664K, 100% used [0x00000000d5580000,0x00000000e0300000,0x00000000e0300000)
  from space 12288K, 96% used [0x00000000e2680000,0x00000000e3206a70,0x00000000e3280000)
  to   space 13824K, 0% used [0x00000000e1780000,0x00000000e1780000,0x00000000e2500000)
 ParOldGen       total 128000K, used 15312K [0x0000000080000000, 0x0000000087d00000, 0x00000000d5580000)
  object space 128000K, 11% used [0x0000000080000000,0x0000000080ef41b0,0x0000000087d00000)
 Metaspace       used 51295K, capacity 53556K, committed 53888K, reserved 1095680K
  class space    used 6814K, capacity 7248K, committed 7296K, reserved 1048576K
Event: 10.613 GC heap after
Heap after GC invocations=11 (full 2):
 PSYoungGen      total 212480K, used 13808K [0x00000000d5580000, 0x00000000e6100000, 0x0000000100000000)
  eden space 198656K, 0% used [0x00000000d5580000,0x00000000d5580000,0x00000000e1780000)
  from space 13824K, 99% used [0x00000000e1780000,0x00000000e24fc380,0x00000000e2500000)
  to   space 18944K, 0% used [0x00000000e4e80000,0x00000000e4e80000,0x00000000e6100000)
 ParOldGen       total 128000K, used 23774K [0x0000000080000000, 0x0000000087d00000, 0x00000000d5580000)
  object space 128000K, 18% used [0x0000000080000000,0x0000000081737800,0x0000000087d00000)
 Metaspace       used 51295K, capacity 53556K, committed 53888K, reserved 1095680K
  class space    used 6814K, capacity 7248K, committed 7296K, reserved 1048576K
}
Event: 11.079 GC heap before
{Heap before GC invocations=12 (full 2):
 PSYoungGen      total 212480K, used 65737K [0x00000000d5580000, 0x00000000e6100000, 0x0000000100000000)
  eden space 198656K, 26% used [0x00000000d5580000,0x00000000d88360e8,0x00000000e1780000)
  from space 13824K, 99% used [0x00000000e1780000,0x00000000e24fc380,0x00000000e2500000)
  to   space 18944K, 0% used [0x00000000e4e80000,0x00000000e4e80000,0x00000000e6100000)
 ParOldGen       total 128000K, used 23774K [0x0000000080000000, 0x0000000087d00000, 0x00000000d5580000)
  object space 128000K, 18% used [0x0000000080000000,0x0000000081737800,0x0000000087d00000)
 Metaspace       used 56732K, capacity 59000K, committed 59096K, reserved 1099776K
  class space    used 7451K, capacity 7886K, committed 7936K, reserved 1048576K
Event: 11.091 GC heap after
Heap after GC invocations=12 (full 2):
 PSYoungGen      total 254464K, used 13707K [0x00000000d5580000, 0x00000000e8180000, 0x0000000100000000)
  eden space 235520K, 0% used [0x00000000d5580000,0x00000000d5580000,0x00000000e3b80000)
  from space 18944K, 72% used [0x00000000e4e80000,0x00000000e5be2e78,0x00000000e6100000)
  to   space 19456K, 0% used [0x00000000e3b80000,0x00000000e3b80000,0x00000000e4e80000)
 ParOldGen       total 128000K, used 30273K [0x0000000080000000, 0x0000000087d00000, 0x00000000d5580000)
  object space 128000K, 23% used [0x0000000080000000,0x0000000081d907f0,0x0000000087d00000)
 Metaspace       used 56732K, capacity 59000K, committed 59096K, reserved 1099776K
  class space    used 7451K, capacity 7886K, committed 7936K, reserved 1048576K
}
Event: 11.091 GC heap before
{Heap before GC invocations=13 (full 3):
 PSYoungGen      total 254464K, used 13707K [0x00000000d5580000, 0x00000000e8180000, 0x0000000100000000)
  eden space 235520K, 0% used [0x00000000d5580000,0x00000000d5580000,0x00000000e3b80000)
  from space 18944K, 72% used [0x00000000e4e80000,0x00000000e5be2e78,0x00000000e6100000)
  to   space 19456K, 0% used [0x00000000e3b80000,0x00000000e3b80000,0x00000000e4e80000)
 ParOldGen       total 128000K, used 30273K [0x0000000080000000, 0x0000000087d00000, 0x00000000d5580000)
  object space 128000K, 23% used [0x0000000080000000,0x0000000081d907f0,0x0000000087d00000)
 Metaspace       used 56732K, capacity 59000K, committed 59096K, reserved 1099776K
  class space    used 7451K, capacity 7886K, committed 7936K, reserved 1048576K
Event: 11.242 GC heap after
Heap after GC invocations=13 (full 3):
 PSYoungGen      total 254464K, used 0K [0x00000000d5580000, 0x00000000e8180000, 0x0000000100000000)
  eden space 235520K, 0% used [0x00000000d5580000,0x00000000d5580000,0x00000000e3b80000)
  from space 18944K, 0% used [0x00000000e4e80000,0x00000000e4e80000,0x00000000e6100000)
  to   space 19456K, 0% used [0x00000000e3b80000,0x00000000e3b80000,0x00000000e4e80000)
 ParOldGen       total 192000K, used 33923K [0x0000000080000000, 0x000000008bb80000, 0x00000000d5580000)
  object space 192000K, 17% used [0x0000000080000000,0x0000000082120d88,0x000000008bb80000)
 Metaspace       used 56664K, capacity 58810K, committed 59096K, reserved 1099776K
  class space    used 7433K, capacity 7859K, committed 7936K, reserved 1048576K
}

