# JRE version: OpenJDK Runtime Environment (8.0_242-b01) (build 1.8.0_242-release-1644-b01)
# Java VM: OpenJDK 64-Bit Server VM (25.242-b01 mixed mode windows-amd64 compressed oops)
Heap:
 PSYoungGen      total 466432K, used 161680K [0x00000000d5580000, 0x00000000f5080000, 0x0000000100000000)
  eden space 430592K, 29% used [0x00000000d5580000,0x00000000dd06abb8,0x00000000efa00000)
  from space 35840K, 99% used [0x00000000f2480000,0x00000000f47796e8,0x00000000f4780000)
  to   space 43520K, 0% used [0x00000000efa00000,0x00000000efa00000,0x00000000f2480000)
 ParOldGen       total 191488K, used 64376K [0x0000000080000000, 0x000000008bb00000, 0x00000000d5580000)
  object space 191488K, 33% used [0x0000000080000000,0x0000000083ede170,0x000000008bb00000)
 Metaspace       used 79436K, capacity 82978K, committed 83224K, reserved 1122304K
  class space    used 10556K, capacity 11214K, committed 11312K, reserved 1048576K
GC Heap History (10 events):
Event: 10.651 GC heap before
{Heap before GC invocations=9 (full 2):
 PSYoungGen      total 250368K, used 237568K [0x00000000d5580000, 0x00000000e5a80000, 0x0000000100000000)
  eden space 237568K, 100% used [0x00000000d5580000,0x00000000e3d80000,0x00000000e3d80000)
  from space 12800K, 0% used [0x00000000e4e00000,0x00000000e4e00000,0x00000000e5a80000)
  to   space 14848K, 0% used [0x00000000e3d80000,0x00000000e3d80000,0x00000000e4c00000)
 ParOldGen       total 125440K, used 15354K [0x0000000080000000, 0x0000000087a80000, 0x00000000d5580000)
  object space 125440K, 12% used [0x0000000080000000,0x0000000080efe848,0x0000000087a80000)
 Metaspace       used 45590K, capacity 47338K, committed 47528K, reserved 1089536K
  class space    used 6156K, capacity 6515K, committed 6576K, reserved 1048576K
Event: 10.662 GC heap after
Heap after GC invocations=9 (full 2):
 PSYoungGen      total 252416K, used 14830K [0x00000000d5580000, 0x00000000eda00000, 0x0000000100000000)
  eden space 237568K, 0% used [0x00000000d5580000,0x00000000d5580000,0x00000000e3d80000)
  from space 14848K, 99% used [0x00000000e3d80000,0x00000000e4bfbaa8,0x00000000e4c00000)
  to   space 18432K, 0% used [0x00000000ec800000,0x00000000ec800000,0x00000000eda00000)
 ParOldGen       total 125440K, used 18127K [0x0000000080000000, 0x0000000087a80000, 0x00000000d5580000)
  object space 125440K, 14% used [0x0000000080000000,0x00000000811b3d28,0x0000000087a80000)
 Metaspace       used 45590K, capacity 47338K, committed 47528K, reserved 1089536K
  class space    used 6156K, capacity 6515K, committed 6576K, reserved 1048576K
}
Event: 13.213 GC heap before
{Heap before GC invocations=10 (full 2):
 PSYoungGen      total 252416K, used 172878K [0x00000000d5580000, 0x00000000eda00000, 0x0000000100000000)
  eden space 237568K, 66% used [0x00000000d5580000,0x00000000defd7da8,0x00000000e3d80000)
  from space 14848K, 99% used [0x00000000e3d80000,0x00000000e4bfbaa8,0x00000000e4c00000)
  to   space 18432K, 0% used [0x00000000ec800000,0x00000000ec800000,0x00000000eda00000)
 ParOldGen       total 125440K, used 18127K [0x0000000080000000, 0x0000000087a80000, 0x00000000d5580000)
  object space 125440K, 14% used [0x0000000080000000,0x00000000811b3d28,0x0000000087a80000)
 Metaspace       used 56880K, capacity 59086K, committed 59160K, reserved 1099776K
  class space    used 7701K, capacity 8192K, committed 8240K, reserved 1048576K
Event: 13.234 GC heap after
Heap after GC invocations=10 (full 2):
 PSYoungGen      total 372224K, used 18412K [0x00000000d5580000, 0x00000000edf00000, 0x0000000100000000)
  eden space 353792K, 0% used [0x00000000d5580000,0x00000000d5580000,0x00000000eaf00000)
  from space 18432K, 99% used [0x00000000ec800000,0x00000000ed9fb310,0x00000000eda00000)
  to   space 24576K, 0% used [0x00000000eaf00000,0x00000000eaf00000,0x00000000ec700000)
 ParOldGen       total 125440K, used 27200K [0x0000000080000000, 0x0000000087a80000, 0x00000000d5580000)
  object space 125440K, 21% used [0x0000000080000000,0x0000000081a90218,0x0000000087a80000)
 Metaspace       used 56880K, capacity 59086K, committed 59160K, reserved 1099776K
  class space    used 7701K, capacity 8192K, committed 8240K, reserved 1048576K
}
Event: 13.234 GC heap before
{Heap before GC invocations=11 (full 3):
 PSYoungGen      total 372224K, used 18412K [0x00000000d5580000, 0x00000000edf00000, 0x0000000100000000)
  eden space 353792K, 0% used [0x00000000d5580000,0x00000000d5580000,0x00000000eaf00000)
  from space 18432K, 99% used [0x00000000ec800000,0x00000000ed9fb310,0x00000000eda00000)
  to   space 24576K, 0% used [0x00000000eaf00000,0x00000000eaf00000,0x00000000ec700000)
 ParOldGen       total 125440K, used 27200K [0x0000000080000000, 0x0000000087a80000, 0x00000000d5580000)
  object space 125440K, 21% used [0x0000000080000000,0x0000000081a90218,0x0000000087a80000)
 Metaspace       used 56880K, capacity 59086K, committed 59160K, reserved 1099776K
  class space    used 7701K, capacity 8192K, committed 8240K, reserved 1048576K
Event: 13.375 GC heap after
Heap after GC invocations=11 (full 3):
 PSYoungGen      total 372224K, used 0K [0x00000000d5580000, 0x00000000edf00000, 0x0000000100000000)
  eden space 353792K, 0% used [0x00000000d5580000,0x00000000d5580000,0x00000000eaf00000)
  from space 18432K, 0% used [0x00000000ec800000,0x00000000ec800000,0x00000000eda00000)
  to   space 24576K, 0% used [0x00000000eaf00000,0x00000000eaf00000,0x00000000ec700000)
 ParOldGen       total 191488K, used 39926K [0x0000000080000000, 0x000000008bb00000, 0x00000000d5580000)
  object space 191488K, 20% used [0x0000000080000000,0x00000000826fd968,0x000000008bb00000)
 Metaspace       used 56858K, capacity 59014K, committed 59160K, reserved 1099776K
  class space    used 7694K, capacity 8180K, committed 8240K, reserved 1048576K
}
Event: 17.616 GC heap before
{Heap before GC invocations=12 (full 3):
 PSYoungGen      total 372224K, used 353792K [0x00000000d5580000, 0x00000000edf00000, 0x0000000100000000)
  eden space 353792K, 100% used [0x00000000d5580000,0x00000000eaf00000,0x00000000eaf00000)
  from space 18432K, 0% used [0x00000000ec800000,0x00000000ec800000,0x00000000eda00000)
  to   space 24576K, 0% used [0x00000000eaf00000,0x00000000eaf00000,0x00000000ec700000)
 ParOldGen       total 191488K, used 39926K [0x0000000080000000, 0x000000008bb00000, 0x00000000d5580000)
  object space 191488K, 20% used [0x0000000080000000,0x00000000826fd968,0x000000008bb00000)
 Metaspace       used 68308K, capacity 71322K, committed 71448K, reserved 1110016K
  class space    used 9339K, capacity 9934K, committed 10032K, reserved 1048576K
Event: 17.647 GC heap after
Heap after GC invocations=12 (full 3):
 PSYoungGen      total 378368K, used 24553K [0x00000000d5580000, 0x00000000f4780000, 0x0000000100000000)
  eden space 353792K, 0% used [0x00000000d5580000,0x00000000d5580000,0x00000000eaf00000)
  from space 24576K, 99% used [0x00000000eaf00000,0x00000000ec6fa628,0x00000000ec700000)
  to   space 35840K, 0% used [0x00000000f2480000,0x00000000f2480000,0x00000000f4780000)
 ParOldGen       total 191488K, used 58869K [0x0000000080000000, 0x000000008bb00000, 0x00000000d5580000)
  object space 191488K, 30% used [0x0000000080000000,0x000000008397d6a0,0x000000008bb00000)
 Metaspace       used 68308K, capacity 71322K, committed 71448K, reserved 1110016K
  class space    used 9339K, capacity 9934K, committed 10032K, reserved 1048576K
}
Event: 21.938 GC heap before
{Heap before GC invocations=13 (full 3):
 PSYoungGen      total 378368K, used 378345K [0x00000000d5580000, 0x00000000f4780000, 0x0000000100000000)
  eden space 353792K, 100% used [0x00000000d5580000,0x00000000eaf00000,0x00000000eaf00000)
  from space 24576K, 99% used [0x00000000eaf00000,0x00000000ec6fa628,0x00000000ec700000)
  to   space 35840K, 0% used [0x00000000f2480000,0x00000000f2480000,0x00000000f4780000)
 ParOldGen       total 191488K, used 58869K [0x0000000080000000, 0x000000008bb00000, 0x00000000d5580000)
  object space 191488K, 30% used [0x0000000080000000,0x000000008397d6a0,0x000000008bb00000)
 Metaspace       used 73735K, capacity 77038K, committed 77208K, reserved 1116160K
  class space    used 9972K, capacity 10592K, committed 10672K, reserved 1048576K
Event: 21.967 GC heap after
Heap after GC invocations=13 (full 3):
 PSYoungGen      total 466432K, used 35813K [0x00000000d5580000, 0x00000000f5080000, 0x0000000100000000)
  eden space 430592K, 0% used [0x00000000d5580000,0x00000000d5580000,0x00000000efa00000)
  from space 35840K, 99% used [0x00000000f2480000,0x00000000f47796e8,0x00000000f4780000)
  to   space 43520K, 0% used [0x00000000efa00000,0x00000000efa00000,0x00000000f2480000)
 ParOldGen       total 191488K, used 64376K [0x0000000080000000, 0x000000008bb00000, 0x00000000d5580000)
  object space 191488K, 33% used [0x0000000080000000,0x0000000083ede170,0x000000008bb00000)
 Metaspace       used 73735K, capacity 77038K, committed 77208K, reserved 1116160K
  class space    used 9972K, capacity 10592K, committed 10672K, reserved 1048576K
}

