# JRE version: OpenJDK Runtime Environment (8.0_242-b01) (build 1.8.0_242-release-1644-b01)
# Java VM: OpenJDK 64-Bit Server VM (25.242-b01 mixed mode windows-amd64 compressed oops)
Heap:
 PSYoungGen      total 337408K, used 59490K [0x00000000d5580000, 0x00000000ebd00000, 0x0000000100000000)
  eden space 311808K, 13% used [0x00000000d5580000,0x00000000d7d68a98,0x00000000e8600000)
  from space 25600K, 72% used [0x00000000ea400000,0x00000000eb630158,0x00000000ebd00000)
  to   space 28160K, 0% used [0x00000000e8600000,0x00000000e8600000,0x00000000ea180000)
 ParOldGen       total 196096K, used 73745K [0x0000000080000000, 0x000000008bf80000, 0x00000000d5580000)
  object space 196096K, 37% used [0x0000000080000000,0x0000000084804440,0x000000008bf80000)
 Metaspace       used 88936K, capacity 93562K, committed 93848K, reserved 1130496K
  class space    used 12047K, capacity 12898K, committed 12976K, reserved 1048576K
GC Heap History (10 events):
Event: 10.583 GC heap before
{Heap before GC invocations=13 (full 3):
 PSYoungGen      total 241152K, used 18414K [0x00000000d5580000, 0x00000000e8e00000, 0x0000000100000000)
  eden space 222720K, 0% used [0x00000000d5580000,0x00000000d5580000,0x00000000e2f00000)
  from space 18432K, 99% used [0x00000000e4300000,0x00000000e54fbbf8,0x00000000e5500000)
  to   space 20480K, 0% used [0x00000000e2f00000,0x00000000e2f00000,0x00000000e4300000)
 ParOldGen       total 129536K, used 29922K [0x0000000080000000, 0x0000000087e80000, 0x00000000d5580000)
  object space 129536K, 23% used [0x0000000080000000,0x0000000081d38900,0x0000000087e80000)
 Metaspace       used 56748K, capacity 59084K, committed 59160K, reserved 1099776K
  class space    used 7691K, capacity 8167K, committed 8240K, reserved 1048576K
Event: 10.721 GC heap after
Heap after GC invocations=13 (full 3):
 PSYoungGen      total 241152K, used 0K [0x00000000d5580000, 0x00000000e8e00000, 0x0000000100000000)
  eden space 222720K, 0% used [0x00000000d5580000,0x00000000d5580000,0x00000000e2f00000)
  from space 18432K, 0% used [0x00000000e4300000,0x00000000e4300000,0x00000000e5500000)
  to   space 20480K, 0% used [0x00000000e2f00000,0x00000000e2f00000,0x00000000e4300000)
 ParOldGen       total 196096K, used 34815K [0x0000000080000000, 0x000000008bf80000, 0x00000000d5580000)
  object space 196096K, 17% used [0x0000000080000000,0x00000000821ffc18,0x000000008bf80000)
 Metaspace       used 56715K, capacity 58970K, committed 59160K, reserved 1099776K
  class space    used 7680K, capacity 8148K, committed 8240K, reserved 1048576K
}
Event: 12.323 GC heap before
{Heap before GC invocations=14 (full 3):
 PSYoungGen      total 241152K, used 222720K [0x00000000d5580000, 0x00000000e8e00000, 0x0000000100000000)
  eden space 222720K, 100% used [0x00000000d5580000,0x00000000e2f00000,0x00000000e2f00000)
  from space 18432K, 0% used [0x00000000e4300000,0x00000000e4300000,0x00000000e5500000)
  to   space 20480K, 0% used [0x00000000e2f00000,0x00000000e2f00000,0x00000000e4300000)
 ParOldGen       total 196096K, used 34815K [0x0000000080000000, 0x000000008bf80000, 0x00000000d5580000)
  object space 196096K, 17% used [0x0000000080000000,0x00000000821ffc18,0x000000008bf80000)
 Metaspace       used 66257K, capacity 69318K, committed 69400K, reserved 1110016K
  class space    used 9133K, capacity 9750K, committed 9776K, reserved 1048576K
Event: 12.338 GC heap after
Heap after GC invocations=14 (full 3):
 PSYoungGen      total 243200K, used 20462K [0x00000000d5580000, 0x00000000e8b80000, 0x0000000100000000)
  eden space 222720K, 0% used [0x00000000d5580000,0x00000000d5580000,0x00000000e2f00000)
  from space 20480K, 99% used [0x00000000e2f00000,0x00000000e42fb8a8,0x00000000e4300000)
  to   space 23552K, 0% used [0x00000000e7480000,0x00000000e7480000,0x00000000e8b80000)
 ParOldGen       total 196096K, used 35562K [0x0000000080000000, 0x000000008bf80000, 0x00000000d5580000)
  object space 196096K, 18% used [0x0000000080000000,0x00000000822baba8,0x000000008bf80000)
 Metaspace       used 66257K, capacity 69318K, committed 69400K, reserved 1110016K
  class space    used 9133K, capacity 9750K, committed 9776K, reserved 1048576K
}
Event: 13.771 GC heap before
{Heap before GC invocations=15 (full 3):
 PSYoungGen      total 243200K, used 243182K [0x00000000d5580000, 0x00000000e8b80000, 0x0000000100000000)
  eden space 222720K, 100% used [0x00000000d5580000,0x00000000e2f00000,0x00000000e2f00000)
  from space 20480K, 99% used [0x00000000e2f00000,0x00000000e42fb8a8,0x00000000e4300000)
  to   space 23552K, 0% used [0x00000000e7480000,0x00000000e7480000,0x00000000e8b80000)
 ParOldGen       total 196096K, used 35562K [0x0000000080000000, 0x000000008bf80000, 0x00000000d5580000)
  object space 196096K, 18% used [0x0000000080000000,0x00000000822baba8,0x000000008bf80000)
 Metaspace       used 71456K, capacity 74682K, committed 74904K, reserved 1114112K
  class space    used 9752K, capacity 10366K, committed 10416K, reserved 1048576K
Event: 13.789 GC heap after
Heap after GC invocations=15 (full 3):
 PSYoungGen      total 291840K, used 17855K [0x00000000d5580000, 0x00000000e8b00000, 0x0000000100000000)
  eden space 268800K, 0% used [0x00000000d5580000,0x00000000d5580000,0x00000000e5c00000)
  from space 23040K, 77% used [0x00000000e7480000,0x00000000e85effd0,0x00000000e8b00000)
  to   space 24064K, 0% used [0x00000000e5c00000,0x00000000e5c00000,0x00000000e7380000)
 ParOldGen       total 196096K, used 49348K [0x0000000080000000, 0x000000008bf80000, 0x00000000d5580000)
  object space 196096K, 25% used [0x0000000080000000,0x00000000830311f8,0x000000008bf80000)
 Metaspace       used 71456K, capacity 74682K, committed 74904K, reserved 1114112K
  class space    used 9752K, capacity 10366K, committed 10416K, reserved 1048576K
}
Event: 110.536 GC heap before
{Heap before GC invocations=16 (full 3):
 PSYoungGen      total 291840K, used 286655K [0x00000000d5580000, 0x00000000e8b00000, 0x0000000100000000)
  eden space 268800K, 100% used [0x00000000d5580000,0x00000000e5c00000,0x00000000e5c00000)
  from space 23040K, 77% used [0x00000000e7480000,0x00000000e85effd0,0x00000000e8b00000)
  to   space 24064K, 0% used [0x00000000e5c00000,0x00000000e5c00000,0x00000000e7380000)
 ParOldGen       total 196096K, used 49348K [0x0000000080000000, 0x000000008bf80000, 0x00000000d5580000)
  object space 196096K, 25% used [0x0000000080000000,0x00000000830311f8,0x000000008bf80000)
 Metaspace       used 75707K, capacity 79054K, committed 79384K, reserved 1118208K
  class space    used 10063K, capacity 10704K, committed 10800K, reserved 1048576K
Event: 110.555 GC heap after
Heap after GC invocations=16 (full 3):
 PSYoungGen      total 292864K, used 24062K [0x00000000d5580000, 0x00000000ebf80000, 0x0000000100000000)
  eden space 268800K, 0% used [0x00000000d5580000,0x00000000d5580000,0x00000000e5c00000)
  from space 24064K, 99% used [0x00000000e5c00000,0x00000000e737f9f0,0x00000000e7380000)
  to   space 28160K, 0% used [0x00000000ea400000,0x00000000ea400000,0x00000000ebf80000)
 ParOldGen       total 196096K, used 51491K [0x0000000080000000, 0x000000008bf80000, 0x00000000d5580000)
  object space 196096K, 26% used [0x0000000080000000,0x0000000083248f00,0x000000008bf80000)
 Metaspace       used 75707K, capacity 79054K, committed 79384K, reserved 1118208K
  class space    used 10063K, capacity 10704K, committed 10800K, reserved 1048576K
}
Event: 115.076 GC heap before
{Heap before GC invocations=17 (full 3):
 PSYoungGen      total 292864K, used 292862K [0x00000000d5580000, 0x00000000ebf80000, 0x0000000100000000)
  eden space 268800K, 100% used [0x00000000d5580000,0x00000000e5c00000,0x00000000e5c00000)
  from space 24064K, 99% used [0x00000000e5c00000,0x00000000e737f9f0,0x00000000e7380000)
  to   space 28160K, 0% used [0x00000000ea400000,0x00000000ea400000,0x00000000ebf80000)
 ParOldGen       total 196096K, used 51491K [0x0000000080000000, 0x000000008bf80000, 0x00000000d5580000)
  object space 196096K, 26% used [0x0000000080000000,0x0000000083248f00,0x000000008bf80000)
 Metaspace       used 88062K, capacity 92710K, committed 92952K, reserved 1130496K
  class space    used 11918K, capacity 12727K, committed 12848K, reserved 1048576K
Event: 115.108 GC heap after
Heap after GC invocations=17 (full 3):
 PSYoungGen      total 337408K, used 18624K [0x00000000d5580000, 0x00000000ebd00000, 0x0000000100000000)
  eden space 311808K, 0% used [0x00000000d5580000,0x00000000d5580000,0x00000000e8600000)
  from space 25600K, 72% used [0x00000000ea400000,0x00000000eb630158,0x00000000ebd00000)
  to   space 28160K, 0% used [0x00000000e8600000,0x00000000e8600000,0x00000000ea180000)
 ParOldGen       total 196096K, used 73745K [0x0000000080000000, 0x000000008bf80000, 0x00000000d5580000)
  object space 196096K, 37% used [0x0000000080000000,0x0000000084804440,0x000000008bf80000)
 Metaspace       used 88062K, capacity 92710K, committed 92952K, reserved 1130496K
  class space    used 11918K, capacity 12727K, committed 12848K, reserved 1048576K
}

